`/bin/bash -c 'cd $WORKSPACE/srcdir/nettle-3.4/
./configure --prefix=$prefix --host=$target
make -j${nproc}
make install
'`
checking build system type... x86_64-unknown-linux-gnu
checking host system type... x86_64-pc-linux-gnu
checking for -R flag... using -Wl,-rpath,
Searching for libraries
checking /workspace/destdir/lib... not found
checking /usr/local/lib... added
checking /sw/local/lib... not found
checking /sw/lib... not found
checking /usr/gnu/lib... not found
checking /opt/gnu/lib... not found
checking /sw/gnu/lib... not found
checking /usr/freeware/lib... not found
checking /usr/pkg/lib... not found
checking for x86_64-linux-gnu-gcc... /opt/x86_64-linux-gnu/bin/x86_64-linux-gnu-gcc
checking whether the C compiler works... yes
checking for C compiler default output file name... a.out
checking for suffix of executables... 
checking whether we are cross compiling... no
checking for suffix of object files... o
checking whether we are using the GNU C compiler... yes
checking whether /opt/x86_64-linux-gnu/bin/x86_64-linux-gnu-gcc accepts -g... yes
checking for /opt/x86_64-linux-gnu/bin/x86_64-linux-gnu-gcc option to accept ISO C89... none needed
checking for ifunc support... yes
checking whether we are using the GNU C++ compiler... yes
checking whether /opt/x86_64-linux-gnu/bin/x86_64-linux-gnu-g++ accepts -g... yes
checking if LD -Wl,--version-script works... yes
checking whether make sets $(MAKE)... yes
checking for x86_64-linux-gnu-ranlib... /opt/x86_64-linux-gnu/bin/x86_64-linux-gnu-ranlib
checking for x86_64-linux-gnu-nm... /opt/x86_64-linux-gnu/bin/x86_64-linux-gnu-nm
checking for x86_64-linux-gnu-objdump... x86_64-linux-gnu-objdump
checking for x86_64-linux-gnu-ar... /opt/x86_64-linux-gnu/bin/x86_64-linux-gnu-ar
checking for a BSD-compatible install... /usr/bin/install -c
checking for a thread-safe mkdir -p... ./install-sh -c -d
checking whether ln -s works... yes
checking build system compiler /opt/x86_64-linux-gnu/bin/gcc... yes
checking for build system executable suffix... 
checking for an ANSI C-conforming const... yes
checking for inline... inline
checking how to run the C preprocessor... /opt/x86_64-linux-gnu/bin/x86_64-linux-gnu-gcc -E
checking for grep that handles long lines and -e... /bin/grep
checking for egrep... /bin/grep -E
checking for uid_t in sys/types.h... yes
checking for ANSI C header files... yes
checking for sys/types.h... yes
checking for sys/stat.h... yes
checking for stdlib.h... yes
checking for string.h... yes
checking for memory.h... yes
checking for strings.h... yes
checking for inttypes.h... yes
checking for stdint.h... yes
checking for unistd.h... yes
checking for size_t... yes
checking whether time.h and sys/time.h may both be included... yes
checking size of long... 8
checking size of size_t... 8
checking openssl/evp.h usability... no
checking openssl/evp.h presence... no
checking for openssl/evp.h... no
checking valgrind/memcheck.h usability... no
checking valgrind/memcheck.h presence... no
checking for valgrind/memcheck.h... no
checking dlfcn.h usability... yes
checking dlfcn.h presence... yes
checking for dlfcn.h... yes
checking for dlopen in -ldl... yes
checking for working alloca.h... yes
checking for alloca... yes
checking malloc.h usability... yes
checking malloc.h presence... yes
checking for malloc.h... yes
checking for strerror... yes
checking for secure_getenv... no
checking for getline... yes
checking whether byte ordering is bigendian... no
checking for __attribute__... yes
checking for stdint types... stdint.h (shortcircuit)
make use of stdint.h in nettle-stdint.h (assuming C99 compatible system)
checking for fcntl file locking... yes
checking for __gmpz_powm_sec in -lgmp... no
configure: WARNING: GNU MP not found, or too old. GMP-5.0 or later is needed, see http://gmplib.org/.
    Support for public key algorithms will be unavailable.
configure: Compiler uses 64-bit ABI. To change, set CC.
configure: Libraries to be installed in ${exec_prefix}/lib.
configure: Looking for assembler files in x86_64.
checking CCPIC... -fpic
checking if globals are prefixed by underscore... no
checking for ELF-style .type,%function pseudo-ops... yes
checking for ELF-style .type,#function pseudo-ops... no
checking for COFF-style .type directive... no
checking if we should use a .note.GNU-stack section... yes
checking if .align assembly directive is logarithmic... no
checking for m4... /usr/bin/m4
checking for makeinfo... not-found
checking for library containing clock_gettime... -lrt
configure: creating ./config.status
config.status: creating config.make
config.status: creating config.m4
config.status: creating Makefile
config.status: creating version.h
config.status: creating tools/Makefile
config.status: creating testsuite/Makefile
config.status: creating examples/Makefile
config.status: creating nettle.pc
config.status: creating hogweed.pc
config.status: creating libnettle.map
config.status: creating libhogweed.map
config.status: creating config.h
config.status: linking x86_64/aes-encrypt-internal.asm to aes-encrypt-internal.asm
config.status: linking x86_64/aes-decrypt-internal.asm to aes-decrypt-internal.asm
config.status: linking x86_64/camellia-crypt-internal.asm to camellia-crypt-internal.asm
config.status: linking x86_64/md5-compress.asm to md5-compress.asm
config.status: linking x86_64/memxor.asm to memxor.asm
config.status: linking x86_64/memxor3.asm to memxor3.asm
config.status: linking x86_64/poly1305-internal.asm to poly1305-internal.asm
config.status: linking x86_64/chacha-core-internal.asm to chacha-core-internal.asm
config.status: linking x86_64/salsa20-crypt.asm to salsa20-crypt.asm
config.status: linking x86_64/salsa20-core-internal.asm to salsa20-core-internal.asm
config.status: linking x86_64/serpent-encrypt.asm to serpent-encrypt.asm
config.status: linking x86_64/serpent-decrypt.asm to serpent-decrypt.asm
config.status: linking x86_64/sha1-compress.asm to sha1-compress.asm
config.status: linking x86_64/sha256-compress.asm to sha256-compress.asm
config.status: linking x86_64/sha512-compress.asm to sha512-compress.asm
config.status: linking x86_64/sha3-permute.asm to sha3-permute.asm
config.status: linking x86_64/umac-nh.asm to umac-nh.asm
config.status: linking x86_64/umac-nh-n.asm to umac-nh-n.asm
config.status: linking x86_64/machine.m4 to machine.m4
config.status: linking x86_64/gcm-hash8.asm to gcm-hash8.asm
config.status: executing dummy-dep-files commands
config.status: executing nettle-stdint.h commands
config.status: creating nettle-stdint.h : __NETTLE_STDINT_H
configure: summary of build options:

  Version:           nettle 3.4
  Host type:         x86_64-pc-linux-gnu
  ABI:               64
  Assembly files:    x86_64
  Install prefix:    /workspace/destdir
  Library directory: ${exec_prefix}/lib
  Compiler:          /opt/x86_64-linux-gnu/bin/x86_64-linux-gnu-gcc
  Static libraries:  yes
  Shared libraries:  yes
  Public key crypto: no
  Using mini-gmp:    no
  Documentation:     no

make all-here
make[1]: Entering directory '/workspace/srcdir/nettle-3.4'
/opt/x86_64-linux-gnu/bin/gcc `test -f aesdata.c || echo './'`aesdata.c \
-o aesdata
/opt/x86_64-linux-gnu/bin/gcc `test -f desdata.c || echo './'`desdata.c \
-o desdata
/opt/x86_64-linux-gnu/bin/gcc `test -f twofishdata.c || echo './'`twofishdata.c \
-o twofishdata
/opt/x86_64-linux-gnu/bin/gcc `test -f shadata.c || echo './'`shadata.c -lm \
-o shadata
/opt/x86_64-linux-gnu/bin/gcc `test -f gcmdata.c || echo './'`gcmdata.c \
-o gcmdata
/opt/x86_64-linux-gnu/bin/x86_64-linux-gnu-gcc -I.  -DHAVE_CONFIG_H -g -O2 -ggdb3 -Wall -W   -Wmissing-prototypes -Wmissing-declarations -Wstrict-prototypes   -Wpointer-arith -Wbad-function-cast -Wnested-externs -fpic -MT getopt.o -MD -MP -MF getopt.o.d -c getopt.c \
&& true
/opt/x86_64-linux-gnu/bin/x86_64-linux-gnu-gcc -I.  -DHAVE_CONFIG_H -g -O2 -ggdb3 -Wall -W   -Wmissing-prototypes -Wmissing-declarations -Wstrict-prototypes   -Wpointer-arith -Wbad-function-cast -Wnested-externs -fpic -MT getopt1.o -MD -MP -MF getopt1.o.d -c getopt1.c \
&& true
/opt/x86_64-linux-gnu/bin/x86_64-linux-gnu-gcc -I.  -DHAVE_CONFIG_H -g -O2 -ggdb3 -Wall -W   -Wmissing-prototypes -Wmissing-declarations -Wstrict-prototypes   -Wpointer-arith -Wbad-function-cast -Wnested-externs -fpic -MT nettle-internal.o -MD -MP -MF nettle-internal.o.d -c nettle-internal.c \
&& true
/usr/bin/m4 ./asm.m4 machine.m4 config.m4 aes-decrypt-internal.asm >aes-decrypt-internal.s
/opt/x86_64-linux-gnu/bin/x86_64-linux-gnu-gcc -I.  -DHAVE_CONFIG_H -g -O2 -ggdb3 -Wall -W   -Wmissing-prototypes -Wmissing-declarations -Wstrict-prototypes   -Wpointer-arith -Wbad-function-cast -Wnested-externs -fpic -MT aes-decrypt-internal.o -MD -MP -MF aes-decrypt-internal.o.d -c aes-decrypt-internal.s
/opt/x86_64-linux-gnu/bin/x86_64-linux-gnu-gcc -I.  -DHAVE_CONFIG_H -g -O2 -ggdb3 -Wall -W   -Wmissing-prototypes -Wmissing-declarations -Wstrict-prototypes   -Wpointer-arith -Wbad-function-cast -Wnested-externs -fpic -MT aes-decrypt.o -MD -MP -MF aes-decrypt.o.d -c aes-decrypt.c \
&& true
/usr/bin/m4 ./asm.m4 machine.m4 config.m4 aes-encrypt-internal.asm >aes-encrypt-internal.s
/opt/x86_64-linux-gnu/bin/x86_64-linux-gnu-gcc -I.  -DHAVE_CONFIG_H -g -O2 -ggdb3 -Wall -W   -Wmissing-prototypes -Wmissing-declarations -Wstrict-prototypes   -Wpointer-arith -Wbad-function-cast -Wnested-externs -fpic -MT aes-encrypt-internal.o -MD -MP -MF aes-encrypt-internal.o.d -c aes-encrypt-internal.s
/opt/x86_64-linux-gnu/bin/x86_64-linux-gnu-gcc -I.  -DHAVE_CONFIG_H -g -O2 -ggdb3 -Wall -W   -Wmissing-prototypes -Wmissing-declarations -Wstrict-prototypes   -Wpointer-arith -Wbad-function-cast -Wnested-externs -fpic -MT aes-encrypt.o -MD -MP -MF aes-encrypt.o.d -c aes-encrypt.c \
&& true
/opt/x86_64-linux-gnu/bin/x86_64-linux-gnu-gcc -I.  -DHAVE_CONFIG_H -g -O2 -ggdb3 -Wall -W   -Wmissing-prototypes -Wmissing-declarations -Wstrict-prototypes   -Wpointer-arith -Wbad-function-cast -Wnested-externs -fpic -MT aes-encrypt-table.o -MD -MP -MF aes-encrypt-table.o.d -c aes-encrypt-table.c \
&& true
/opt/x86_64-linux-gnu/bin/x86_64-linux-gnu-gcc -I.  -DHAVE_CONFIG_H -g -O2 -ggdb3 -Wall -W   -Wmissing-prototypes -Wmissing-declarations -Wstrict-prototypes   -Wpointer-arith -Wbad-function-cast -Wnested-externs -fpic -MT aes-invert-internal.o -MD -MP -MF aes-invert-internal.o.d -c aes-invert-internal.c \
&& true
/opt/x86_64-linux-gnu/bin/x86_64-linux-gnu-gcc -I.  -DHAVE_CONFIG_H -g -O2 -ggdb3 -Wall -W   -Wmissing-prototypes -Wmissing-declarations -Wstrict-prototypes   -Wpointer-arith -Wbad-function-cast -Wnested-externs -fpic -MT aes-set-key-internal.o -MD -MP -MF aes-set-key-internal.o.d -c aes-set-key-internal.c \
&& true
/opt/x86_64-linux-gnu/bin/x86_64-linux-gnu-gcc -I.  -DHAVE_CONFIG_H -g -O2 -ggdb3 -Wall -W   -Wmissing-prototypes -Wmissing-declarations -Wstrict-prototypes   -Wpointer-arith -Wbad-function-cast -Wnested-externs -fpic -MT aes-set-encrypt-key.o -MD -MP -MF aes-set-encrypt-key.o.d -c aes-set-encrypt-key.c \
&& true
/opt/x86_64-linux-gnu/bin/x86_64-linux-gnu-gcc -I.  -DHAVE_CONFIG_H -g -O2 -ggdb3 -Wall -W   -Wmissing-prototypes -Wmissing-declarations -Wstrict-prototypes   -Wpointer-arith -Wbad-function-cast -Wnested-externs -fpic -MT aes-set-decrypt-key.o -MD -MP -MF aes-set-decrypt-key.o.d -c aes-set-decrypt-key.c \
&& true
/opt/x86_64-linux-gnu/bin/x86_64-linux-gnu-gcc -I.  -DHAVE_CONFIG_H -g -O2 -ggdb3 -Wall -W   -Wmissing-prototypes -Wmissing-declarations -Wstrict-prototypes   -Wpointer-arith -Wbad-function-cast -Wnested-externs -fpic -MT aes128-set-encrypt-key.o -MD -MP -MF aes128-set-encrypt-key.o.d -c aes128-set-encrypt-key.c \
&& true
/opt/x86_64-linux-gnu/bin/x86_64-linux-gnu-gcc -I.  -DHAVE_CONFIG_H -g -O2 -ggdb3 -Wall -W   -Wmissing-prototypes -Wmissing-declarations -Wstrict-prototypes   -Wpointer-arith -Wbad-function-cast -Wnested-externs -fpic -MT aes128-set-decrypt-key.o -MD -MP -MF aes128-set-decrypt-key.o.d -c aes128-set-decrypt-key.c \
&& true
/opt/x86_64-linux-gnu/bin/x86_64-linux-gnu-gcc -I.  -DHAVE_CONFIG_H -g -O2 -ggdb3 -Wall -W   -Wmissing-prototypes -Wmissing-declarations -Wstrict-prototypes   -Wpointer-arith -Wbad-function-cast -Wnested-externs -fpic -MT aes128-meta.o -MD -MP -MF aes128-meta.o.d -c aes128-meta.c \
&& true
/opt/x86_64-linux-gnu/bin/x86_64-linux-gnu-gcc -I.  -DHAVE_CONFIG_H -g -O2 -ggdb3 -Wall -W   -Wmissing-prototypes -Wmissing-declarations -Wstrict-prototypes   -Wpointer-arith -Wbad-function-cast -Wnested-externs -fpic -MT aes192-set-encrypt-key.o -MD -MP -MF aes192-set-encrypt-key.o.d -c aes192-set-encrypt-key.c \
&& true
/opt/x86_64-linux-gnu/bin/x86_64-linux-gnu-gcc -I.  -DHAVE_CONFIG_H -g -O2 -ggdb3 -Wall -W   -Wmissing-prototypes -Wmissing-declarations -Wstrict-prototypes   -Wpointer-arith -Wbad-function-cast -Wnested-externs -fpic -MT aes192-set-decrypt-key.o -MD -MP -MF aes192-set-decrypt-key.o.d -c aes192-set-decrypt-key.c \
&& true
/opt/x86_64-linux-gnu/bin/x86_64-linux-gnu-gcc -I.  -DHAVE_CONFIG_H -g -O2 -ggdb3 -Wall -W   -Wmissing-prototypes -Wmissing-declarations -Wstrict-prototypes   -Wpointer-arith -Wbad-function-cast -Wnested-externs -fpic -MT aes192-meta.o -MD -MP -MF aes192-meta.o.d -c aes192-meta.c \
&& true
/opt/x86_64-linux-gnu/bin/x86_64-linux-gnu-gcc -I.  -DHAVE_CONFIG_H -g -O2 -ggdb3 -Wall -W   -Wmissing-prototypes -Wmissing-declarations -Wstrict-prototypes   -Wpointer-arith -Wbad-function-cast -Wnested-externs -fpic -MT aes256-set-encrypt-key.o -MD -MP -MF aes256-set-encrypt-key.o.d -c aes256-set-encrypt-key.c \
&& true
/opt/x86_64-linux-gnu/bin/x86_64-linux-gnu-gcc -I.  -DHAVE_CONFIG_H -g -O2 -ggdb3 -Wall -W   -Wmissing-prototypes -Wmissing-declarations -Wstrict-prototypes   -Wpointer-arith -Wbad-function-cast -Wnested-externs -fpic -MT aes256-set-decrypt-key.o -MD -MP -MF aes256-set-decrypt-key.o.d -c aes256-set-decrypt-key.c \
&& true
/opt/x86_64-linux-gnu/bin/x86_64-linux-gnu-gcc -I.  -DHAVE_CONFIG_H -g -O2 -ggdb3 -Wall -W   -Wmissing-prototypes -Wmissing-declarations -Wstrict-prototypes   -Wpointer-arith -Wbad-function-cast -Wnested-externs -fpic -MT aes256-meta.o -MD -MP -MF aes256-meta.o.d -c aes256-meta.c \
&& true
/opt/x86_64-linux-gnu/bin/x86_64-linux-gnu-gcc -I.  -DHAVE_CONFIG_H -g -O2 -ggdb3 -Wall -W   -Wmissing-prototypes -Wmissing-declarations -Wstrict-prototypes   -Wpointer-arith -Wbad-function-cast -Wnested-externs -fpic -MT arcfour.o -MD -MP -MF arcfour.o.d -c arcfour.c \
&& true
/opt/x86_64-linux-gnu/bin/x86_64-linux-gnu-gcc -I.  -DHAVE_CONFIG_H -g -O2 -ggdb3 -Wall -W   -Wmissing-prototypes -Wmissing-declarations -Wstrict-prototypes   -Wpointer-arith -Wbad-function-cast -Wnested-externs -fpic -MT arcfour-crypt.o -MD -MP -MF arcfour-crypt.o.d -c arcfour-crypt.c \
&& true
/opt/x86_64-linux-gnu/bin/x86_64-linux-gnu-gcc -I.  -DHAVE_CONFIG_H -g -O2 -ggdb3 -Wall -W   -Wmissing-prototypes -Wmissing-declarations -Wstrict-prototypes   -Wpointer-arith -Wbad-function-cast -Wnested-externs -fpic -MT arctwo.o -MD -MP -MF arctwo.o.d -c arctwo.c \
&& true
/opt/x86_64-linux-gnu/bin/x86_64-linux-gnu-gcc -I.  -DHAVE_CONFIG_H -g -O2 -ggdb3 -Wall -W   -Wmissing-prototypes -Wmissing-declarations -Wstrict-prototypes   -Wpointer-arith -Wbad-function-cast -Wnested-externs -fpic -MT arctwo-meta.o -MD -MP -MF arctwo-meta.o.d -c arctwo-meta.c \
&& true
/opt/x86_64-linux-gnu/bin/x86_64-linux-gnu-gcc -I.  -DHAVE_CONFIG_H -g -O2 -ggdb3 -Wall -W   -Wmissing-prototypes -Wmissing-declarations -Wstrict-prototypes   -Wpointer-arith -Wbad-function-cast -Wnested-externs -fpic -MT blowfish.o -MD -MP -MF blowfish.o.d -c blowfish.c \
&& true
/opt/x86_64-linux-gnu/bin/x86_64-linux-gnu-gcc -I.  -DHAVE_CONFIG_H -g -O2 -ggdb3 -Wall -W   -Wmissing-prototypes -Wmissing-declarations -Wstrict-prototypes   -Wpointer-arith -Wbad-function-cast -Wnested-externs -fpic -MT base16-encode.o -MD -MP -MF base16-encode.o.d -c base16-encode.c \
&& true
/opt/x86_64-linux-gnu/bin/x86_64-linux-gnu-gcc -I.  -DHAVE_CONFIG_H -g -O2 -ggdb3 -Wall -W   -Wmissing-prototypes -Wmissing-declarations -Wstrict-prototypes   -Wpointer-arith -Wbad-function-cast -Wnested-externs -fpic -MT base16-decode.o -MD -MP -MF base16-decode.o.d -c base16-decode.c \
&& true
/opt/x86_64-linux-gnu/bin/x86_64-linux-gnu-gcc -I.  -DHAVE_CONFIG_H -g -O2 -ggdb3 -Wall -W   -Wmissing-prototypes -Wmissing-declarations -Wstrict-prototypes   -Wpointer-arith -Wbad-function-cast -Wnested-externs -fpic -MT base16-meta.o -MD -MP -MF base16-meta.o.d -c base16-meta.c \
&& true
/opt/x86_64-linux-gnu/bin/x86_64-linux-gnu-gcc -I.  -DHAVE_CONFIG_H -g -O2 -ggdb3 -Wall -W   -Wmissing-prototypes -Wmissing-declarations -Wstrict-prototypes   -Wpointer-arith -Wbad-function-cast -Wnested-externs -fpic -MT base64-encode.o -MD -MP -MF base64-encode.o.d -c base64-encode.c \
&& true
/opt/x86_64-linux-gnu/bin/x86_64-linux-gnu-gcc -I.  -DHAVE_CONFIG_H -g -O2 -ggdb3 -Wall -W   -Wmissing-prototypes -Wmissing-declarations -Wstrict-prototypes   -Wpointer-arith -Wbad-function-cast -Wnested-externs -fpic -MT base64-decode.o -MD -MP -MF base64-decode.o.d -c base64-decode.c \
&& true
/opt/x86_64-linux-gnu/bin/x86_64-linux-gnu-gcc -I.  -DHAVE_CONFIG_H -g -O2 -ggdb3 -Wall -W   -Wmissing-prototypes -Wmissing-declarations -Wstrict-prototypes   -Wpointer-arith -Wbad-function-cast -Wnested-externs -fpic -MT base64-meta.o -MD -MP -MF base64-meta.o.d -c base64-meta.c \
&& true
/opt/x86_64-linux-gnu/bin/x86_64-linux-gnu-gcc -I.  -DHAVE_CONFIG_H -g -O2 -ggdb3 -Wall -W   -Wmissing-prototypes -Wmissing-declarations -Wstrict-prototypes   -Wpointer-arith -Wbad-function-cast -Wnested-externs -fpic -MT base64url-encode.o -MD -MP -MF base64url-encode.o.d -c base64url-encode.c \
&& true
/opt/x86_64-linux-gnu/bin/x86_64-linux-gnu-gcc -I.  -DHAVE_CONFIG_H -g -O2 -ggdb3 -Wall -W   -Wmissing-prototypes -Wmissing-declarations -Wstrict-prototypes   -Wpointer-arith -Wbad-function-cast -Wnested-externs -fpic -MT base64url-decode.o -MD -MP -MF base64url-decode.o.d -c base64url-decode.c \
&& true
/opt/x86_64-linux-gnu/bin/x86_64-linux-gnu-gcc -I.  -DHAVE_CONFIG_H -g -O2 -ggdb3 -Wall -W   -Wmissing-prototypes -Wmissing-declarations -Wstrict-prototypes   -Wpointer-arith -Wbad-function-cast -Wnested-externs -fpic -MT base64url-meta.o -MD -MP -MF base64url-meta.o.d -c base64url-meta.c \
&& true
/opt/x86_64-linux-gnu/bin/x86_64-linux-gnu-gcc -I.  -DHAVE_CONFIG_H -g -O2 -ggdb3 -Wall -W   -Wmissing-prototypes -Wmissing-declarations -Wstrict-prototypes   -Wpointer-arith -Wbad-function-cast -Wnested-externs -fpic -MT buffer.o -MD -MP -MF buffer.o.d -c buffer.c \
&& true
/opt/x86_64-linux-gnu/bin/x86_64-linux-gnu-gcc -I.  -DHAVE_CONFIG_H -g -O2 -ggdb3 -Wall -W   -Wmissing-prototypes -Wmissing-declarations -Wstrict-prototypes   -Wpointer-arith -Wbad-function-cast -Wnested-externs -fpic -MT buffer-init.o -MD -MP -MF buffer-init.o.d -c buffer-init.c \
&& true
/usr/bin/m4 ./asm.m4 machine.m4 config.m4 camellia-crypt-internal.asm >camellia-crypt-internal.s
/opt/x86_64-linux-gnu/bin/x86_64-linux-gnu-gcc -I.  -DHAVE_CONFIG_H -g -O2 -ggdb3 -Wall -W   -Wmissing-prototypes -Wmissing-declarations -Wstrict-prototypes   -Wpointer-arith -Wbad-function-cast -Wnested-externs -fpic -MT camellia-crypt-internal.o -MD -MP -MF camellia-crypt-internal.o.d -c camellia-crypt-internal.s
/opt/x86_64-linux-gnu/bin/x86_64-linux-gnu-gcc -I.  -DHAVE_CONFIG_H -g -O2 -ggdb3 -Wall -W   -Wmissing-prototypes -Wmissing-declarations -Wstrict-prototypes   -Wpointer-arith -Wbad-function-cast -Wnested-externs -fpic -MT camellia-table.o -MD -MP -MF camellia-table.o.d -c camellia-table.c \
&& true
/opt/x86_64-linux-gnu/bin/x86_64-linux-gnu-gcc -I.  -DHAVE_CONFIG_H -g -O2 -ggdb3 -Wall -W   -Wmissing-prototypes -Wmissing-declarations -Wstrict-prototypes   -Wpointer-arith -Wbad-function-cast -Wnested-externs -fpic -MT camellia-absorb.o -MD -MP -MF camellia-absorb.o.d -c camellia-absorb.c \
&& true
/opt/x86_64-linux-gnu/bin/x86_64-linux-gnu-gcc -I.  -DHAVE_CONFIG_H -g -O2 -ggdb3 -Wall -W   -Wmissing-prototypes -Wmissing-declarations -Wstrict-prototypes   -Wpointer-arith -Wbad-function-cast -Wnested-externs -fpic -MT camellia-invert-key.o -MD -MP -MF camellia-invert-key.o.d -c camellia-invert-key.c \
&& true
/opt/x86_64-linux-gnu/bin/x86_64-linux-gnu-gcc -I.  -DHAVE_CONFIG_H -g -O2 -ggdb3 -Wall -W   -Wmissing-prototypes -Wmissing-declarations -Wstrict-prototypes   -Wpointer-arith -Wbad-function-cast -Wnested-externs -fpic -MT camellia128-set-encrypt-key.o -MD -MP -MF camellia128-set-encrypt-key.o.d -c camellia128-set-encrypt-key.c \
&& true
/opt/x86_64-linux-gnu/bin/x86_64-linux-gnu-gcc -I.  -DHAVE_CONFIG_H -g -O2 -ggdb3 -Wall -W   -Wmissing-prototypes -Wmissing-declarations -Wstrict-prototypes   -Wpointer-arith -Wbad-function-cast -Wnested-externs -fpic -MT camellia128-crypt.o -MD -MP -MF camellia128-crypt.o.d -c camellia128-crypt.c \
&& true
/opt/x86_64-linux-gnu/bin/x86_64-linux-gnu-gcc -I.  -DHAVE_CONFIG_H -g -O2 -ggdb3 -Wall -W   -Wmissing-prototypes -Wmissing-declarations -Wstrict-prototypes   -Wpointer-arith -Wbad-function-cast -Wnested-externs -fpic -MT camellia128-set-decrypt-key.o -MD -MP -MF camellia128-set-decrypt-key.o.d -c camellia128-set-decrypt-key.c \
&& true
/opt/x86_64-linux-gnu/bin/x86_64-linux-gnu-gcc -I.  -DHAVE_CONFIG_H -g -O2 -ggdb3 -Wall -W   -Wmissing-prototypes -Wmissing-declarations -Wstrict-prototypes   -Wpointer-arith -Wbad-function-cast -Wnested-externs -fpic -MT camellia128-meta.o -MD -MP -MF camellia128-meta.o.d -c camellia128-meta.c \
&& true
/opt/x86_64-linux-gnu/bin/x86_64-linux-gnu-gcc -I.  -DHAVE_CONFIG_H -g -O2 -ggdb3 -Wall -W   -Wmissing-prototypes -Wmissing-declarations -Wstrict-prototypes   -Wpointer-arith -Wbad-function-cast -Wnested-externs -fpic -MT camellia192-meta.o -MD -MP -MF camellia192-meta.o.d -c camellia192-meta.c \
&& true
/opt/x86_64-linux-gnu/bin/x86_64-linux-gnu-gcc -I.  -DHAVE_CONFIG_H -g -O2 -ggdb3 -Wall -W   -Wmissing-prototypes -Wmissing-declarations -Wstrict-prototypes   -Wpointer-arith -Wbad-function-cast -Wnested-externs -fpic -MT camellia256-set-encrypt-key.o -MD -MP -MF camellia256-set-encrypt-key.o.d -c camellia256-set-encrypt-key.c \
&& true
/opt/x86_64-linux-gnu/bin/x86_64-linux-gnu-gcc -I.  -DHAVE_CONFIG_H -g -O2 -ggdb3 -Wall -W   -Wmissing-prototypes -Wmissing-declarations -Wstrict-prototypes   -Wpointer-arith -Wbad-function-cast -Wnested-externs -fpic -MT camellia256-crypt.o -MD -MP -MF camellia256-crypt.o.d -c camellia256-crypt.c \
&& true
/opt/x86_64-linux-gnu/bin/x86_64-linux-gnu-gcc -I.  -DHAVE_CONFIG_H -g -O2 -ggdb3 -Wall -W   -Wmissing-prototypes -Wmissing-declarations -Wstrict-prototypes   -Wpointer-arith -Wbad-function-cast -Wnested-externs -fpic -MT camellia256-set-decrypt-key.o -MD -MP -MF camellia256-set-decrypt-key.o.d -c camellia256-set-decrypt-key.c \
&& true
/opt/x86_64-linux-gnu/bin/x86_64-linux-gnu-gcc -I.  -DHAVE_CONFIG_H -g -O2 -ggdb3 -Wall -W   -Wmissing-prototypes -Wmissing-declarations -Wstrict-prototypes   -Wpointer-arith -Wbad-function-cast -Wnested-externs -fpic -MT camellia256-meta.o -MD -MP -MF camellia256-meta.o.d -c camellia256-meta.c \
&& true
/opt/x86_64-linux-gnu/bin/x86_64-linux-gnu-gcc -I.  -DHAVE_CONFIG_H -g -O2 -ggdb3 -Wall -W   -Wmissing-prototypes -Wmissing-declarations -Wstrict-prototypes   -Wpointer-arith -Wbad-function-cast -Wnested-externs -fpic -MT cast128.o -MD -MP -MF cast128.o.d -c cast128.c \
&& true
/opt/x86_64-linux-gnu/bin/x86_64-linux-gnu-gcc -I.  -DHAVE_CONFIG_H -g -O2 -ggdb3 -Wall -W   -Wmissing-prototypes -Wmissing-declarations -Wstrict-prototypes   -Wpointer-arith -Wbad-function-cast -Wnested-externs -fpic -MT cast128-meta.o -MD -MP -MF cast128-meta.o.d -c cast128-meta.c \
&& true
/opt/x86_64-linux-gnu/bin/x86_64-linux-gnu-gcc -I.  -DHAVE_CONFIG_H -g -O2 -ggdb3 -Wall -W   -Wmissing-prototypes -Wmissing-declarations -Wstrict-prototypes   -Wpointer-arith -Wbad-function-cast -Wnested-externs -fpic -MT cbc.o -MD -MP -MF cbc.o.d -c cbc.c \
&& true
/opt/x86_64-linux-gnu/bin/x86_64-linux-gnu-gcc -I.  -DHAVE_CONFIG_H -g -O2 -ggdb3 -Wall -W   -Wmissing-prototypes -Wmissing-declarations -Wstrict-prototypes   -Wpointer-arith -Wbad-function-cast -Wnested-externs -fpic -MT ccm.o -MD -MP -MF ccm.o.d -c ccm.c \
&& true
/opt/x86_64-linux-gnu/bin/x86_64-linux-gnu-gcc -I.  -DHAVE_CONFIG_H -g -O2 -ggdb3 -Wall -W   -Wmissing-prototypes -Wmissing-declarations -Wstrict-prototypes   -Wpointer-arith -Wbad-function-cast -Wnested-externs -fpic -MT ccm-aes128.o -MD -MP -MF ccm-aes128.o.d -c ccm-aes128.c \
&& true
/opt/x86_64-linux-gnu/bin/x86_64-linux-gnu-gcc -I.  -DHAVE_CONFIG_H -g -O2 -ggdb3 -Wall -W   -Wmissing-prototypes -Wmissing-declarations -Wstrict-prototypes   -Wpointer-arith -Wbad-function-cast -Wnested-externs -fpic -MT ccm-aes192.o -MD -MP -MF ccm-aes192.o.d -c ccm-aes192.c \
&& true
/opt/x86_64-linux-gnu/bin/x86_64-linux-gnu-gcc -I.  -DHAVE_CONFIG_H -g -O2 -ggdb3 -Wall -W   -Wmissing-prototypes -Wmissing-declarations -Wstrict-prototypes   -Wpointer-arith -Wbad-function-cast -Wnested-externs -fpic -MT ccm-aes256.o -MD -MP -MF ccm-aes256.o.d -c ccm-aes256.c \
&& true
/opt/x86_64-linux-gnu/bin/x86_64-linux-gnu-gcc -I.  -DHAVE_CONFIG_H -g -O2 -ggdb3 -Wall -W   -Wmissing-prototypes -Wmissing-declarations -Wstrict-prototypes   -Wpointer-arith -Wbad-function-cast -Wnested-externs -fpic -MT cfb.o -MD -MP -MF cfb.o.d -c cfb.c \
&& true
/opt/x86_64-linux-gnu/bin/x86_64-linux-gnu-gcc -I.  -DHAVE_CONFIG_H -g -O2 -ggdb3 -Wall -W   -Wmissing-prototypes -Wmissing-declarations -Wstrict-prototypes   -Wpointer-arith -Wbad-function-cast -Wnested-externs -fpic -MT chacha-crypt.o -MD -MP -MF chacha-crypt.o.d -c chacha-crypt.c \
&& true
/usr/bin/m4 ./asm.m4 machine.m4 config.m4 chacha-core-internal.asm >chacha-core-internal.s
/opt/x86_64-linux-gnu/bin/x86_64-linux-gnu-gcc -I.  -DHAVE_CONFIG_H -g -O2 -ggdb3 -Wall -W   -Wmissing-prototypes -Wmissing-declarations -Wstrict-prototypes   -Wpointer-arith -Wbad-function-cast -Wnested-externs -fpic -MT chacha-core-internal.o -MD -MP -MF chacha-core-internal.o.d -c chacha-core-internal.s
/opt/x86_64-linux-gnu/bin/x86_64-linux-gnu-gcc -I.  -DHAVE_CONFIG_H -g -O2 -ggdb3 -Wall -W   -Wmissing-prototypes -Wmissing-declarations -Wstrict-prototypes   -Wpointer-arith -Wbad-function-cast -Wnested-externs -fpic -MT chacha-poly1305.o -MD -MP -MF chacha-poly1305.o.d -c chacha-poly1305.c \
&& true
/opt/x86_64-linux-gnu/bin/x86_64-linux-gnu-gcc -I.  -DHAVE_CONFIG_H -g -O2 -ggdb3 -Wall -W   -Wmissing-prototypes -Wmissing-declarations -Wstrict-prototypes   -Wpointer-arith -Wbad-function-cast -Wnested-externs -fpic -MT chacha-poly1305-meta.o -MD -MP -MF chacha-poly1305-meta.o.d -c chacha-poly1305-meta.c \
&& true
/opt/x86_64-linux-gnu/bin/x86_64-linux-gnu-gcc -I.  -DHAVE_CONFIG_H -g -O2 -ggdb3 -Wall -W   -Wmissing-prototypes -Wmissing-declarations -Wstrict-prototypes   -Wpointer-arith -Wbad-function-cast -Wnested-externs -fpic -MT chacha-set-key.o -MD -MP -MF chacha-set-key.o.d -c chacha-set-key.c \
&& true
/opt/x86_64-linux-gnu/bin/x86_64-linux-gnu-gcc -I.  -DHAVE_CONFIG_H -g -O2 -ggdb3 -Wall -W   -Wmissing-prototypes -Wmissing-declarations -Wstrict-prototypes   -Wpointer-arith -Wbad-function-cast -Wnested-externs -fpic -MT chacha-set-nonce.o -MD -MP -MF chacha-set-nonce.o.d -c chacha-set-nonce.c \
&& true
/opt/x86_64-linux-gnu/bin/x86_64-linux-gnu-gcc -I.  -DHAVE_CONFIG_H -g -O2 -ggdb3 -Wall -W   -Wmissing-prototypes -Wmissing-declarations -Wstrict-prototypes   -Wpointer-arith -Wbad-function-cast -Wnested-externs -fpic -MT ctr.o -MD -MP -MF ctr.o.d -c ctr.c \
&& true
/opt/x86_64-linux-gnu/bin/x86_64-linux-gnu-gcc -I.  -DHAVE_CONFIG_H -g -O2 -ggdb3 -Wall -W   -Wmissing-prototypes -Wmissing-declarations -Wstrict-prototypes   -Wpointer-arith -Wbad-function-cast -Wnested-externs -fpic -MT des.o -MD -MP -MF des.o.d -c des.c \
&& true
/opt/x86_64-linux-gnu/bin/x86_64-linux-gnu-gcc -I.  -DHAVE_CONFIG_H -g -O2 -ggdb3 -Wall -W   -Wmissing-prototypes -Wmissing-declarations -Wstrict-prototypes   -Wpointer-arith -Wbad-function-cast -Wnested-externs -fpic -MT des3.o -MD -MP -MF des3.o.d -c des3.c \
&& true
/opt/x86_64-linux-gnu/bin/x86_64-linux-gnu-gcc -I.  -DHAVE_CONFIG_H -g -O2 -ggdb3 -Wall -W   -Wmissing-prototypes -Wmissing-declarations -Wstrict-prototypes   -Wpointer-arith -Wbad-function-cast -Wnested-externs -fpic -MT des-compat.o -MD -MP -MF des-compat.o.d -c des-compat.c \
&& true
/opt/x86_64-linux-gnu/bin/x86_64-linux-gnu-gcc -I.  -DHAVE_CONFIG_H -g -O2 -ggdb3 -Wall -W   -Wmissing-prototypes -Wmissing-declarations -Wstrict-prototypes   -Wpointer-arith -Wbad-function-cast -Wnested-externs -fpic -MT eax.o -MD -MP -MF eax.o.d -c eax.c \
&& true
/opt/x86_64-linux-gnu/bin/x86_64-linux-gnu-gcc -I.  -DHAVE_CONFIG_H -g -O2 -ggdb3 -Wall -W   -Wmissing-prototypes -Wmissing-declarations -Wstrict-prototypes   -Wpointer-arith -Wbad-function-cast -Wnested-externs -fpic -MT eax-aes128.o -MD -MP -MF eax-aes128.o.d -c eax-aes128.c \
&& true
/opt/x86_64-linux-gnu/bin/x86_64-linux-gnu-gcc -I.  -DHAVE_CONFIG_H -g -O2 -ggdb3 -Wall -W   -Wmissing-prototypes -Wmissing-declarations -Wstrict-prototypes   -Wpointer-arith -Wbad-function-cast -Wnested-externs -fpic -MT eax-aes128-meta.o -MD -MP -MF eax-aes128-meta.o.d -c eax-aes128-meta.c \
&& true
/opt/x86_64-linux-gnu/bin/x86_64-linux-gnu-gcc -I.  -DHAVE_CONFIG_H -g -O2 -ggdb3 -Wall -W   -Wmissing-prototypes -Wmissing-declarations -Wstrict-prototypes   -Wpointer-arith -Wbad-function-cast -Wnested-externs -fpic -MT gcm.o -MD -MP -MF gcm.o.d -c gcm.c \
&& true
/opt/x86_64-linux-gnu/bin/x86_64-linux-gnu-gcc -I.  -DHAVE_CONFIG_H -g -O2 -ggdb3 -Wall -W   -Wmissing-prototypes -Wmissing-declarations -Wstrict-prototypes   -Wpointer-arith -Wbad-function-cast -Wnested-externs -fpic -MT gcm-aes.o -MD -MP -MF gcm-aes.o.d -c gcm-aes.c \
&& true
/opt/x86_64-linux-gnu/bin/x86_64-linux-gnu-gcc -I.  -DHAVE_CONFIG_H -g -O2 -ggdb3 -Wall -W   -Wmissing-prototypes -Wmissing-declarations -Wstrict-prototypes   -Wpointer-arith -Wbad-function-cast -Wnested-externs -fpic -MT gcm-aes128.o -MD -MP -MF gcm-aes128.o.d -c gcm-aes128.c \
&& true
/opt/x86_64-linux-gnu/bin/x86_64-linux-gnu-gcc -I.  -DHAVE_CONFIG_H -g -O2 -ggdb3 -Wall -W   -Wmissing-prototypes -Wmissing-declarations -Wstrict-prototypes   -Wpointer-arith -Wbad-function-cast -Wnested-externs -fpic -MT gcm-aes128-meta.o -MD -MP -MF gcm-aes128-meta.o.d -c gcm-aes128-meta.c \
&& true
/opt/x86_64-linux-gnu/bin/x86_64-linux-gnu-gcc -I.  -DHAVE_CONFIG_H -g -O2 -ggdb3 -Wall -W   -Wmissing-prototypes -Wmissing-declarations -Wstrict-prototypes   -Wpointer-arith -Wbad-function-cast -Wnested-externs -fpic -MT gcm-aes192.o -MD -MP -MF gcm-aes192.o.d -c gcm-aes192.c \
&& true
/opt/x86_64-linux-gnu/bin/x86_64-linux-gnu-gcc -I.  -DHAVE_CONFIG_H -g -O2 -ggdb3 -Wall -W   -Wmissing-prototypes -Wmissing-declarations -Wstrict-prototypes   -Wpointer-arith -Wbad-function-cast -Wnested-externs -fpic -MT gcm-aes192-meta.o -MD -MP -MF gcm-aes192-meta.o.d -c gcm-aes192-meta.c \
&& true
/opt/x86_64-linux-gnu/bin/x86_64-linux-gnu-gcc -I.  -DHAVE_CONFIG_H -g -O2 -ggdb3 -Wall -W   -Wmissing-prototypes -Wmissing-declarations -Wstrict-prototypes   -Wpointer-arith -Wbad-function-cast -Wnested-externs -fpic -MT gcm-aes256.o -MD -MP -MF gcm-aes256.o.d -c gcm-aes256.c \
&& true
/opt/x86_64-linux-gnu/bin/x86_64-linux-gnu-gcc -I.  -DHAVE_CONFIG_H -g -O2 -ggdb3 -Wall -W   -Wmissing-prototypes -Wmissing-declarations -Wstrict-prototypes   -Wpointer-arith -Wbad-function-cast -Wnested-externs -fpic -MT gcm-aes256-meta.o -MD -MP -MF gcm-aes256-meta.o.d -c gcm-aes256-meta.c \
&& true
/opt/x86_64-linux-gnu/bin/x86_64-linux-gnu-gcc -I.  -DHAVE_CONFIG_H -g -O2 -ggdb3 -Wall -W   -Wmissing-prototypes -Wmissing-declarations -Wstrict-prototypes   -Wpointer-arith -Wbad-function-cast -Wnested-externs -fpic -MT gcm-camellia128.o -MD -MP -MF gcm-camellia128.o.d -c gcm-camellia128.c \
&& true
/opt/x86_64-linux-gnu/bin/x86_64-linux-gnu-gcc -I.  -DHAVE_CONFIG_H -g -O2 -ggdb3 -Wall -W   -Wmissing-prototypes -Wmissing-declarations -Wstrict-prototypes   -Wpointer-arith -Wbad-function-cast -Wnested-externs -fpic -MT gcm-camellia128-meta.o -MD -MP -MF gcm-camellia128-meta.o.d -c gcm-camellia128-meta.c \
&& true
/opt/x86_64-linux-gnu/bin/x86_64-linux-gnu-gcc -I.  -DHAVE_CONFIG_H -g -O2 -ggdb3 -Wall -W   -Wmissing-prototypes -Wmissing-declarations -Wstrict-prototypes   -Wpointer-arith -Wbad-function-cast -Wnested-externs -fpic -MT gcm-camellia256.o -MD -MP -MF gcm-camellia256.o.d -c gcm-camellia256.c \
&& true
/opt/x86_64-linux-gnu/bin/x86_64-linux-gnu-gcc -I.  -DHAVE_CONFIG_H -g -O2 -ggdb3 -Wall -W   -Wmissing-prototypes -Wmissing-declarations -Wstrict-prototypes   -Wpointer-arith -Wbad-function-cast -Wnested-externs -fpic -MT gcm-camellia256-meta.o -MD -MP -MF gcm-camellia256-meta.o.d -c gcm-camellia256-meta.c \
&& true
/opt/x86_64-linux-gnu/bin/x86_64-linux-gnu-gcc -I.  -DHAVE_CONFIG_H -g -O2 -ggdb3 -Wall -W   -Wmissing-prototypes -Wmissing-declarations -Wstrict-prototypes   -Wpointer-arith -Wbad-function-cast -Wnested-externs -fpic -MT gosthash94.o -MD -MP -MF gosthash94.o.d -c gosthash94.c \
&& true
/opt/x86_64-linux-gnu/bin/x86_64-linux-gnu-gcc -I.  -DHAVE_CONFIG_H -g -O2 -ggdb3 -Wall -W   -Wmissing-prototypes -Wmissing-declarations -Wstrict-prototypes   -Wpointer-arith -Wbad-function-cast -Wnested-externs -fpic -MT gosthash94-meta.o -MD -MP -MF gosthash94-meta.o.d -c gosthash94-meta.c \
&& true
/opt/x86_64-linux-gnu/bin/x86_64-linux-gnu-gcc -I.  -DHAVE_CONFIG_H -g -O2 -ggdb3 -Wall -W   -Wmissing-prototypes -Wmissing-declarations -Wstrict-prototypes   -Wpointer-arith -Wbad-function-cast -Wnested-externs -fpic -MT hmac.o -MD -MP -MF hmac.o.d -c hmac.c \
&& true
/opt/x86_64-linux-gnu/bin/x86_64-linux-gnu-gcc -I.  -DHAVE_CONFIG_H -g -O2 -ggdb3 -Wall -W   -Wmissing-prototypes -Wmissing-declarations -Wstrict-prototypes   -Wpointer-arith -Wbad-function-cast -Wnested-externs -fpic -MT hmac-md5.o -MD -MP -MF hmac-md5.o.d -c hmac-md5.c \
&& true
/opt/x86_64-linux-gnu/bin/x86_64-linux-gnu-gcc -I.  -DHAVE_CONFIG_H -g -O2 -ggdb3 -Wall -W   -Wmissing-prototypes -Wmissing-declarations -Wstrict-prototypes   -Wpointer-arith -Wbad-function-cast -Wnested-externs -fpic -MT hmac-ripemd160.o -MD -MP -MF hmac-ripemd160.o.d -c hmac-ripemd160.c \
&& true
/opt/x86_64-linux-gnu/bin/x86_64-linux-gnu-gcc -I.  -DHAVE_CONFIG_H -g -O2 -ggdb3 -Wall -W   -Wmissing-prototypes -Wmissing-declarations -Wstrict-prototypes   -Wpointer-arith -Wbad-function-cast -Wnested-externs -fpic -MT hmac-sha1.o -MD -MP -MF hmac-sha1.o.d -c hmac-sha1.c \
&& true
/opt/x86_64-linux-gnu/bin/x86_64-linux-gnu-gcc -I.  -DHAVE_CONFIG_H -g -O2 -ggdb3 -Wall -W   -Wmissing-prototypes -Wmissing-declarations -Wstrict-prototypes   -Wpointer-arith -Wbad-function-cast -Wnested-externs -fpic -MT hmac-sha224.o -MD -MP -MF hmac-sha224.o.d -c hmac-sha224.c \
&& true
/opt/x86_64-linux-gnu/bin/x86_64-linux-gnu-gcc -I.  -DHAVE_CONFIG_H -g -O2 -ggdb3 -Wall -W   -Wmissing-prototypes -Wmissing-declarations -Wstrict-prototypes   -Wpointer-arith -Wbad-function-cast -Wnested-externs -fpic -MT hmac-sha256.o -MD -MP -MF hmac-sha256.o.d -c hmac-sha256.c \
&& true
/opt/x86_64-linux-gnu/bin/x86_64-linux-gnu-gcc -I.  -DHAVE_CONFIG_H -g -O2 -ggdb3 -Wall -W   -Wmissing-prototypes -Wmissing-declarations -Wstrict-prototypes   -Wpointer-arith -Wbad-function-cast -Wnested-externs -fpic -MT hmac-sha384.o -MD -MP -MF hmac-sha384.o.d -c hmac-sha384.c \
&& true
/opt/x86_64-linux-gnu/bin/x86_64-linux-gnu-gcc -I.  -DHAVE_CONFIG_H -g -O2 -ggdb3 -Wall -W   -Wmissing-prototypes -Wmissing-declarations -Wstrict-prototypes   -Wpointer-arith -Wbad-function-cast -Wnested-externs -fpic -MT hmac-sha512.o -MD -MP -MF hmac-sha512.o.d -c hmac-sha512.c \
&& true
/opt/x86_64-linux-gnu/bin/x86_64-linux-gnu-gcc -I.  -DHAVE_CONFIG_H -g -O2 -ggdb3 -Wall -W   -Wmissing-prototypes -Wmissing-declarations -Wstrict-prototypes   -Wpointer-arith -Wbad-function-cast -Wnested-externs -fpic -MT knuth-lfib.o -MD -MP -MF knuth-lfib.o.d -c knuth-lfib.c \
&& true
/opt/x86_64-linux-gnu/bin/x86_64-linux-gnu-gcc -I.  -DHAVE_CONFIG_H -g -O2 -ggdb3 -Wall -W   -Wmissing-prototypes -Wmissing-declarations -Wstrict-prototypes   -Wpointer-arith -Wbad-function-cast -Wnested-externs -fpic -MT hkdf.o -MD -MP -MF hkdf.o.d -c hkdf.c \
&& true
/opt/x86_64-linux-gnu/bin/x86_64-linux-gnu-gcc -I.  -DHAVE_CONFIG_H -g -O2 -ggdb3 -Wall -W   -Wmissing-prototypes -Wmissing-declarations -Wstrict-prototypes   -Wpointer-arith -Wbad-function-cast -Wnested-externs -fpic -MT md2.o -MD -MP -MF md2.o.d -c md2.c \
&& true
/opt/x86_64-linux-gnu/bin/x86_64-linux-gnu-gcc -I.  -DHAVE_CONFIG_H -g -O2 -ggdb3 -Wall -W   -Wmissing-prototypes -Wmissing-declarations -Wstrict-prototypes   -Wpointer-arith -Wbad-function-cast -Wnested-externs -fpic -MT md2-meta.o -MD -MP -MF md2-meta.o.d -c md2-meta.c \
&& true
/opt/x86_64-linux-gnu/bin/x86_64-linux-gnu-gcc -I.  -DHAVE_CONFIG_H -g -O2 -ggdb3 -Wall -W   -Wmissing-prototypes -Wmissing-declarations -Wstrict-prototypes   -Wpointer-arith -Wbad-function-cast -Wnested-externs -fpic -MT md4.o -MD -MP -MF md4.o.d -c md4.c \
&& true
/opt/x86_64-linux-gnu/bin/x86_64-linux-gnu-gcc -I.  -DHAVE_CONFIG_H -g -O2 -ggdb3 -Wall -W   -Wmissing-prototypes -Wmissing-declarations -Wstrict-prototypes   -Wpointer-arith -Wbad-function-cast -Wnested-externs -fpic -MT md4-meta.o -MD -MP -MF md4-meta.o.d -c md4-meta.c \
&& true
/opt/x86_64-linux-gnu/bin/x86_64-linux-gnu-gcc -I.  -DHAVE_CONFIG_H -g -O2 -ggdb3 -Wall -W   -Wmissing-prototypes -Wmissing-declarations -Wstrict-prototypes   -Wpointer-arith -Wbad-function-cast -Wnested-externs -fpic -MT md5.o -MD -MP -MF md5.o.d -c md5.c \
&& true
/usr/bin/m4 ./asm.m4 machine.m4 config.m4 md5-compress.asm >md5-compress.s
/opt/x86_64-linux-gnu/bin/x86_64-linux-gnu-gcc -I.  -DHAVE_CONFIG_H -g -O2 -ggdb3 -Wall -W   -Wmissing-prototypes -Wmissing-declarations -Wstrict-prototypes   -Wpointer-arith -Wbad-function-cast -Wnested-externs -fpic -MT md5-compat.o -MD -MP -MF md5-compat.o.d -c md5-compat.c \
&& true
/opt/x86_64-linux-gnu/bin/x86_64-linux-gnu-gcc -I.  -DHAVE_CONFIG_H -g -O2 -ggdb3 -Wall -W   -Wmissing-prototypes -Wmissing-declarations -Wstrict-prototypes   -Wpointer-arith -Wbad-function-cast -Wnested-externs -fpic -MT md5-compress.o -MD -MP -MF md5-compress.o.d -c md5-compress.s
/opt/x86_64-linux-gnu/bin/x86_64-linux-gnu-gcc -I.  -DHAVE_CONFIG_H -g -O2 -ggdb3 -Wall -W   -Wmissing-prototypes -Wmissing-declarations -Wstrict-prototypes   -Wpointer-arith -Wbad-function-cast -Wnested-externs -fpic -MT md5-meta.o -MD -MP -MF md5-meta.o.d -c md5-meta.c \
&& true
/opt/x86_64-linux-gnu/bin/x86_64-linux-gnu-gcc -I.  -DHAVE_CONFIG_H -g -O2 -ggdb3 -Wall -W   -Wmissing-prototypes -Wmissing-declarations -Wstrict-prototypes   -Wpointer-arith -Wbad-function-cast -Wnested-externs -fpic -MT memeql-sec.o -MD -MP -MF memeql-sec.o.d -c memeql-sec.c \
&& true
/usr/bin/m4 ./asm.m4 machine.m4 config.m4 memxor.asm >memxor.s
/opt/x86_64-linux-gnu/bin/x86_64-linux-gnu-gcc -I.  -DHAVE_CONFIG_H -g -O2 -ggdb3 -Wall -W   -Wmissing-prototypes -Wmissing-declarations -Wstrict-prototypes   -Wpointer-arith -Wbad-function-cast -Wnested-externs -fpic -MT memxor.o -MD -MP -MF memxor.o.d -c memxor.s
/usr/bin/m4 ./asm.m4 machine.m4 config.m4 memxor3.asm >memxor3.s
/opt/x86_64-linux-gnu/bin/x86_64-linux-gnu-gcc -I.  -DHAVE_CONFIG_H -g -O2 -ggdb3 -Wall -W   -Wmissing-prototypes -Wmissing-declarations -Wstrict-prototypes   -Wpointer-arith -Wbad-function-cast -Wnested-externs -fpic -MT memxor3.o -MD -MP -MF memxor3.o.d -c memxor3.s
/opt/x86_64-linux-gnu/bin/x86_64-linux-gnu-gcc -I.  -DHAVE_CONFIG_H -g -O2 -ggdb3 -Wall -W   -Wmissing-prototypes -Wmissing-declarations -Wstrict-prototypes   -Wpointer-arith -Wbad-function-cast -Wnested-externs -fpic -MT nettle-lookup-hash.o -MD -MP -MF nettle-lookup-hash.o.d -c nettle-lookup-hash.c \
&& true
/opt/x86_64-linux-gnu/bin/x86_64-linux-gnu-gcc -I.  -DHAVE_CONFIG_H -g -O2 -ggdb3 -Wall -W   -Wmissing-prototypes -Wmissing-declarations -Wstrict-prototypes   -Wpointer-arith -Wbad-function-cast -Wnested-externs -fpic -MT nettle-meta-aeads.o -MD -MP -MF nettle-meta-aeads.o.d -c nettle-meta-aeads.c \
&& true
/opt/x86_64-linux-gnu/bin/x86_64-linux-gnu-gcc -I.  -DHAVE_CONFIG_H -g -O2 -ggdb3 -Wall -W   -Wmissing-prototypes -Wmissing-declarations -Wstrict-prototypes   -Wpointer-arith -Wbad-function-cast -Wnested-externs -fpic -MT nettle-meta-armors.o -MD -MP -MF nettle-meta-armors.o.d -c nettle-meta-armors.c \
&& true
/opt/x86_64-linux-gnu/bin/x86_64-linux-gnu-gcc -I.  -DHAVE_CONFIG_H -g -O2 -ggdb3 -Wall -W   -Wmissing-prototypes -Wmissing-declarations -Wstrict-prototypes   -Wpointer-arith -Wbad-function-cast -Wnested-externs -fpic -MT nettle-meta-ciphers.o -MD -MP -MF nettle-meta-ciphers.o.d -c nettle-meta-ciphers.c \
&& true
/opt/x86_64-linux-gnu/bin/x86_64-linux-gnu-gcc -I.  -DHAVE_CONFIG_H -g -O2 -ggdb3 -Wall -W   -Wmissing-prototypes -Wmissing-declarations -Wstrict-prototypes   -Wpointer-arith -Wbad-function-cast -Wnested-externs -fpic -MT nettle-meta-hashes.o -MD -MP -MF nettle-meta-hashes.o.d -c nettle-meta-hashes.c \
&& true
/opt/x86_64-linux-gnu/bin/x86_64-linux-gnu-gcc -I.  -DHAVE_CONFIG_H -g -O2 -ggdb3 -Wall -W   -Wmissing-prototypes -Wmissing-declarations -Wstrict-prototypes   -Wpointer-arith -Wbad-function-cast -Wnested-externs -fpic -MT pbkdf2.o -MD -MP -MF pbkdf2.o.d -c pbkdf2.c \
&& true
/opt/x86_64-linux-gnu/bin/x86_64-linux-gnu-gcc -I.  -DHAVE_CONFIG_H -g -O2 -ggdb3 -Wall -W   -Wmissing-prototypes -Wmissing-declarations -Wstrict-prototypes   -Wpointer-arith -Wbad-function-cast -Wnested-externs -fpic -MT pbkdf2-hmac-sha1.o -MD -MP -MF pbkdf2-hmac-sha1.o.d -c pbkdf2-hmac-sha1.c \
&& true
/opt/x86_64-linux-gnu/bin/x86_64-linux-gnu-gcc -I.  -DHAVE_CONFIG_H -g -O2 -ggdb3 -Wall -W   -Wmissing-prototypes -Wmissing-declarations -Wstrict-prototypes   -Wpointer-arith -Wbad-function-cast -Wnested-externs -fpic -MT pbkdf2-hmac-sha256.o -MD -MP -MF pbkdf2-hmac-sha256.o.d -c pbkdf2-hmac-sha256.c \
&& true
/opt/x86_64-linux-gnu/bin/x86_64-linux-gnu-gcc -I.  -DHAVE_CONFIG_H -g -O2 -ggdb3 -Wall -W   -Wmissing-prototypes -Wmissing-declarations -Wstrict-prototypes   -Wpointer-arith -Wbad-function-cast -Wnested-externs -fpic -MT poly1305-aes.o -MD -MP -MF poly1305-aes.o.d -c poly1305-aes.c \
&& true
/usr/bin/m4 ./asm.m4 machine.m4 config.m4 poly1305-internal.asm >poly1305-internal.s
/opt/x86_64-linux-gnu/bin/x86_64-linux-gnu-gcc -I.  -DHAVE_CONFIG_H -g -O2 -ggdb3 -Wall -W   -Wmissing-prototypes -Wmissing-declarations -Wstrict-prototypes   -Wpointer-arith -Wbad-function-cast -Wnested-externs -fpic -MT poly1305-internal.o -MD -MP -MF poly1305-internal.o.d -c poly1305-internal.s
/opt/x86_64-linux-gnu/bin/x86_64-linux-gnu-gcc -I.  -DHAVE_CONFIG_H -g -O2 -ggdb3 -Wall -W   -Wmissing-prototypes -Wmissing-declarations -Wstrict-prototypes   -Wpointer-arith -Wbad-function-cast -Wnested-externs -fpic -MT realloc.o -MD -MP -MF realloc.o.d -c realloc.c \
&& true
/opt/x86_64-linux-gnu/bin/x86_64-linux-gnu-gcc -I.  -DHAVE_CONFIG_H -g -O2 -ggdb3 -Wall -W   -Wmissing-prototypes -Wmissing-declarations -Wstrict-prototypes   -Wpointer-arith -Wbad-function-cast -Wnested-externs -fpic -MT ripemd160.o -MD -MP -MF ripemd160.o.d -c ripemd160.c \
&& true
/opt/x86_64-linux-gnu/bin/x86_64-linux-gnu-gcc -I.  -DHAVE_CONFIG_H -g -O2 -ggdb3 -Wall -W   -Wmissing-prototypes -Wmissing-declarations -Wstrict-prototypes   -Wpointer-arith -Wbad-function-cast -Wnested-externs -fpic -MT ripemd160-compress.o -MD -MP -MF ripemd160-compress.o.d -c ripemd160-compress.c \
&& true
/opt/x86_64-linux-gnu/bin/x86_64-linux-gnu-gcc -I.  -DHAVE_CONFIG_H -g -O2 -ggdb3 -Wall -W   -Wmissing-prototypes -Wmissing-declarations -Wstrict-prototypes   -Wpointer-arith -Wbad-function-cast -Wnested-externs -fpic -MT ripemd160-meta.o -MD -MP -MF ripemd160-meta.o.d -c ripemd160-meta.c \
&& true
/usr/bin/m4 ./asm.m4 machine.m4 config.m4 salsa20-core-internal.asm >salsa20-core-internal.s
/opt/x86_64-linux-gnu/bin/x86_64-linux-gnu-gcc -I.  -DHAVE_CONFIG_H -g -O2 -ggdb3 -Wall -W   -Wmissing-prototypes -Wmissing-declarations -Wstrict-prototypes   -Wpointer-arith -Wbad-function-cast -Wnested-externs -fpic -MT salsa20-core-internal.o -MD -MP -MF salsa20-core-internal.o.d -c salsa20-core-internal.s
/usr/bin/m4 ./asm.m4 machine.m4 config.m4 salsa20-crypt.asm >salsa20-crypt.s
/opt/x86_64-linux-gnu/bin/x86_64-linux-gnu-gcc -I.  -DHAVE_CONFIG_H -g -O2 -ggdb3 -Wall -W   -Wmissing-prototypes -Wmissing-declarations -Wstrict-prototypes   -Wpointer-arith -Wbad-function-cast -Wnested-externs -fpic -MT salsa20-crypt.o -MD -MP -MF salsa20-crypt.o.d -c salsa20-crypt.s
/opt/x86_64-linux-gnu/bin/x86_64-linux-gnu-gcc -I.  -DHAVE_CONFIG_H -g -O2 -ggdb3 -Wall -W   -Wmissing-prototypes -Wmissing-declarations -Wstrict-prototypes   -Wpointer-arith -Wbad-function-cast -Wnested-externs -fpic -MT salsa20r12-crypt.o -MD -MP -MF salsa20r12-crypt.o.d -c salsa20r12-crypt.c \
&& true
/opt/x86_64-linux-gnu/bin/x86_64-linux-gnu-gcc -I.  -DHAVE_CONFIG_H -g -O2 -ggdb3 -Wall -W   -Wmissing-prototypes -Wmissing-declarations -Wstrict-prototypes   -Wpointer-arith -Wbad-function-cast -Wnested-externs -fpic -MT salsa20-set-key.o -MD -MP -MF salsa20-set-key.o.d -c salsa20-set-key.c \
&& true
/opt/x86_64-linux-gnu/bin/x86_64-linux-gnu-gcc -I.  -DHAVE_CONFIG_H -g -O2 -ggdb3 -Wall -W   -Wmissing-prototypes -Wmissing-declarations -Wstrict-prototypes   -Wpointer-arith -Wbad-function-cast -Wnested-externs -fpic -MT salsa20-set-nonce.o -MD -MP -MF salsa20-set-nonce.o.d -c salsa20-set-nonce.c \
&& true
/opt/x86_64-linux-gnu/bin/x86_64-linux-gnu-gcc -I.  -DHAVE_CONFIG_H -g -O2 -ggdb3 -Wall -W   -Wmissing-prototypes -Wmissing-declarations -Wstrict-prototypes   -Wpointer-arith -Wbad-function-cast -Wnested-externs -fpic -MT salsa20-128-set-key.o -MD -MP -MF salsa20-128-set-key.o.d -c salsa20-128-set-key.c \
&& true
/opt/x86_64-linux-gnu/bin/x86_64-linux-gnu-gcc -I.  -DHAVE_CONFIG_H -g -O2 -ggdb3 -Wall -W   -Wmissing-prototypes -Wmissing-declarations -Wstrict-prototypes   -Wpointer-arith -Wbad-function-cast -Wnested-externs -fpic -MT salsa20-256-set-key.o -MD -MP -MF salsa20-256-set-key.o.d -c salsa20-256-set-key.c \
&& true
/opt/x86_64-linux-gnu/bin/x86_64-linux-gnu-gcc -I.  -DHAVE_CONFIG_H -g -O2 -ggdb3 -Wall -W   -Wmissing-prototypes -Wmissing-declarations -Wstrict-prototypes   -Wpointer-arith -Wbad-function-cast -Wnested-externs -fpic -MT sha1.o -MD -MP -MF sha1.o.d -c sha1.c \
&& true
/usr/bin/m4 ./asm.m4 machine.m4 config.m4 sha1-compress.asm >sha1-compress.s
/opt/x86_64-linux-gnu/bin/x86_64-linux-gnu-gcc -I.  -DHAVE_CONFIG_H -g -O2 -ggdb3 -Wall -W   -Wmissing-prototypes -Wmissing-declarations -Wstrict-prototypes   -Wpointer-arith -Wbad-function-cast -Wnested-externs -fpic -MT sha1-compress.o -MD -MP -MF sha1-compress.o.d -c sha1-compress.s
/opt/x86_64-linux-gnu/bin/x86_64-linux-gnu-gcc -I.  -DHAVE_CONFIG_H -g -O2 -ggdb3 -Wall -W   -Wmissing-prototypes -Wmissing-declarations -Wstrict-prototypes   -Wpointer-arith -Wbad-function-cast -Wnested-externs -fpic -MT sha1-meta.o -MD -MP -MF sha1-meta.o.d -c sha1-meta.c \
&& true
/opt/x86_64-linux-gnu/bin/x86_64-linux-gnu-gcc -I.  -DHAVE_CONFIG_H -g -O2 -ggdb3 -Wall -W   -Wmissing-prototypes -Wmissing-declarations -Wstrict-prototypes   -Wpointer-arith -Wbad-function-cast -Wnested-externs -fpic -MT sha256.o -MD -MP -MF sha256.o.d -c sha256.c \
&& true
/usr/bin/m4 ./asm.m4 machine.m4 config.m4 sha256-compress.asm >sha256-compress.s
/opt/x86_64-linux-gnu/bin/x86_64-linux-gnu-gcc -I.  -DHAVE_CONFIG_H -g -O2 -ggdb3 -Wall -W   -Wmissing-prototypes -Wmissing-declarations -Wstrict-prototypes   -Wpointer-arith -Wbad-function-cast -Wnested-externs -fpic -MT sha256-compress.o -MD -MP -MF sha256-compress.o.d -c sha256-compress.s
/opt/x86_64-linux-gnu/bin/x86_64-linux-gnu-gcc -I.  -DHAVE_CONFIG_H -g -O2 -ggdb3 -Wall -W   -Wmissing-prototypes -Wmissing-declarations -Wstrict-prototypes   -Wpointer-arith -Wbad-function-cast -Wnested-externs -fpic -MT sha224-meta.o -MD -MP -MF sha224-meta.o.d -c sha224-meta.c \
&& true
/opt/x86_64-linux-gnu/bin/x86_64-linux-gnu-gcc -I.  -DHAVE_CONFIG_H -g -O2 -ggdb3 -Wall -W   -Wmissing-prototypes -Wmissing-declarations -Wstrict-prototypes   -Wpointer-arith -Wbad-function-cast -Wnested-externs -fpic -MT sha256-meta.o -MD -MP -MF sha256-meta.o.d -c sha256-meta.c \
&& true
/opt/x86_64-linux-gnu/bin/x86_64-linux-gnu-gcc -I.  -DHAVE_CONFIG_H -g -O2 -ggdb3 -Wall -W   -Wmissing-prototypes -Wmissing-declarations -Wstrict-prototypes   -Wpointer-arith -Wbad-function-cast -Wnested-externs -fpic -MT sha512.o -MD -MP -MF sha512.o.d -c sha512.c \
&& true
/usr/bin/m4 ./asm.m4 machine.m4 config.m4 sha512-compress.asm >sha512-compress.s
/opt/x86_64-linux-gnu/bin/x86_64-linux-gnu-gcc -I.  -DHAVE_CONFIG_H -g -O2 -ggdb3 -Wall -W   -Wmissing-prototypes -Wmissing-declarations -Wstrict-prototypes   -Wpointer-arith -Wbad-function-cast -Wnested-externs -fpic -MT sha512-compress.o -MD -MP -MF sha512-compress.o.d -c sha512-compress.s
/opt/x86_64-linux-gnu/bin/x86_64-linux-gnu-gcc -I.  -DHAVE_CONFIG_H -g -O2 -ggdb3 -Wall -W   -Wmissing-prototypes -Wmissing-declarations -Wstrict-prototypes   -Wpointer-arith -Wbad-function-cast -Wnested-externs -fpic -MT sha384-meta.o -MD -MP -MF sha384-meta.o.d -c sha384-meta.c \
&& true
/opt/x86_64-linux-gnu/bin/x86_64-linux-gnu-gcc -I.  -DHAVE_CONFIG_H -g -O2 -ggdb3 -Wall -W   -Wmissing-prototypes -Wmissing-declarations -Wstrict-prototypes   -Wpointer-arith -Wbad-function-cast -Wnested-externs -fpic -MT sha512-meta.o -MD -MP -MF sha512-meta.o.d -c sha512-meta.c \
&& true
/opt/x86_64-linux-gnu/bin/x86_64-linux-gnu-gcc -I.  -DHAVE_CONFIG_H -g -O2 -ggdb3 -Wall -W   -Wmissing-prototypes -Wmissing-declarations -Wstrict-prototypes   -Wpointer-arith -Wbad-function-cast -Wnested-externs -fpic -MT sha512-224-meta.o -MD -MP -MF sha512-224-meta.o.d -c sha512-224-meta.c \
&& true
/opt/x86_64-linux-gnu/bin/x86_64-linux-gnu-gcc -I.  -DHAVE_CONFIG_H -g -O2 -ggdb3 -Wall -W   -Wmissing-prototypes -Wmissing-declarations -Wstrict-prototypes   -Wpointer-arith -Wbad-function-cast -Wnested-externs -fpic -MT sha512-256-meta.o -MD -MP -MF sha512-256-meta.o.d -c sha512-256-meta.c \
&& true
/opt/x86_64-linux-gnu/bin/x86_64-linux-gnu-gcc -I.  -DHAVE_CONFIG_H -g -O2 -ggdb3 -Wall -W   -Wmissing-prototypes -Wmissing-declarations -Wstrict-prototypes   -Wpointer-arith -Wbad-function-cast -Wnested-externs -fpic -MT sha3.o -MD -MP -MF sha3.o.d -c sha3.c \
&& true
/usr/bin/m4 ./asm.m4 machine.m4 config.m4 sha3-permute.asm >sha3-permute.s
/opt/x86_64-linux-gnu/bin/x86_64-linux-gnu-gcc -I.  -DHAVE_CONFIG_H -g -O2 -ggdb3 -Wall -W   -Wmissing-prototypes -Wmissing-declarations -Wstrict-prototypes   -Wpointer-arith -Wbad-function-cast -Wnested-externs -fpic -MT sha3-permute.o -MD -MP -MF sha3-permute.o.d -c sha3-permute.s
/opt/x86_64-linux-gnu/bin/x86_64-linux-gnu-gcc -I.  -DHAVE_CONFIG_H -g -O2 -ggdb3 -Wall -W   -Wmissing-prototypes -Wmissing-declarations -Wstrict-prototypes   -Wpointer-arith -Wbad-function-cast -Wnested-externs -fpic -MT sha3-224.o -MD -MP -MF sha3-224.o.d -c sha3-224.c \
&& true
/opt/x86_64-linux-gnu/bin/x86_64-linux-gnu-gcc -I.  -DHAVE_CONFIG_H -g -O2 -ggdb3 -Wall -W   -Wmissing-prototypes -Wmissing-declarations -Wstrict-prototypes   -Wpointer-arith -Wbad-function-cast -Wnested-externs -fpic -MT sha3-224-meta.o -MD -MP -MF sha3-224-meta.o.d -c sha3-224-meta.c \
&& true
/opt/x86_64-linux-gnu/bin/x86_64-linux-gnu-gcc -I.  -DHAVE_CONFIG_H -g -O2 -ggdb3 -Wall -W   -Wmissing-prototypes -Wmissing-declarations -Wstrict-prototypes   -Wpointer-arith -Wbad-function-cast -Wnested-externs -fpic -MT sha3-256.o -MD -MP -MF sha3-256.o.d -c sha3-256.c \
&& true
/opt/x86_64-linux-gnu/bin/x86_64-linux-gnu-gcc -I.  -DHAVE_CONFIG_H -g -O2 -ggdb3 -Wall -W   -Wmissing-prototypes -Wmissing-declarations -Wstrict-prototypes   -Wpointer-arith -Wbad-function-cast -Wnested-externs -fpic -MT sha3-256-meta.o -MD -MP -MF sha3-256-meta.o.d -c sha3-256-meta.c \
&& true
/opt/x86_64-linux-gnu/bin/x86_64-linux-gnu-gcc -I.  -DHAVE_CONFIG_H -g -O2 -ggdb3 -Wall -W   -Wmissing-prototypes -Wmissing-declarations -Wstrict-prototypes   -Wpointer-arith -Wbad-function-cast -Wnested-externs -fpic -MT sha3-384.o -MD -MP -MF sha3-384.o.d -c sha3-384.c \
&& true
/opt/x86_64-linux-gnu/bin/x86_64-linux-gnu-gcc -I.  -DHAVE_CONFIG_H -g -O2 -ggdb3 -Wall -W   -Wmissing-prototypes -Wmissing-declarations -Wstrict-prototypes   -Wpointer-arith -Wbad-function-cast -Wnested-externs -fpic -MT sha3-384-meta.o -MD -MP -MF sha3-384-meta.o.d -c sha3-384-meta.c \
&& true
/opt/x86_64-linux-gnu/bin/x86_64-linux-gnu-gcc -I.  -DHAVE_CONFIG_H -g -O2 -ggdb3 -Wall -W   -Wmissing-prototypes -Wmissing-declarations -Wstrict-prototypes   -Wpointer-arith -Wbad-function-cast -Wnested-externs -fpic -MT sha3-512.o -MD -MP -MF sha3-512.o.d -c sha3-512.c \
&& true
/opt/x86_64-linux-gnu/bin/x86_64-linux-gnu-gcc -I.  -DHAVE_CONFIG_H -g -O2 -ggdb3 -Wall -W   -Wmissing-prototypes -Wmissing-declarations -Wstrict-prototypes   -Wpointer-arith -Wbad-function-cast -Wnested-externs -fpic -MT sha3-512-meta.o -MD -MP -MF sha3-512-meta.o.d -c sha3-512-meta.c \
&& true
/opt/x86_64-linux-gnu/bin/x86_64-linux-gnu-gcc -I.  -DHAVE_CONFIG_H -g -O2 -ggdb3 -Wall -W   -Wmissing-prototypes -Wmissing-declarations -Wstrict-prototypes   -Wpointer-arith -Wbad-function-cast -Wnested-externs -fpic -MT serpent-set-key.o -MD -MP -MF serpent-set-key.o.d -c serpent-set-key.c \
&& true
/usr/bin/m4 ./asm.m4 machine.m4 config.m4 serpent-encrypt.asm >serpent-encrypt.s
/opt/x86_64-linux-gnu/bin/x86_64-linux-gnu-gcc -I.  -DHAVE_CONFIG_H -g -O2 -ggdb3 -Wall -W   -Wmissing-prototypes -Wmissing-declarations -Wstrict-prototypes   -Wpointer-arith -Wbad-function-cast -Wnested-externs -fpic -MT serpent-encrypt.o -MD -MP -MF serpent-encrypt.o.d -c serpent-encrypt.s
/usr/bin/m4 ./asm.m4 machine.m4 config.m4 serpent-decrypt.asm >serpent-decrypt.s
/opt/x86_64-linux-gnu/bin/x86_64-linux-gnu-gcc -I.  -DHAVE_CONFIG_H -g -O2 -ggdb3 -Wall -W   -Wmissing-prototypes -Wmissing-declarations -Wstrict-prototypes   -Wpointer-arith -Wbad-function-cast -Wnested-externs -fpic -MT serpent-decrypt.o -MD -MP -MF serpent-decrypt.o.d -c serpent-decrypt.s
/opt/x86_64-linux-gnu/bin/x86_64-linux-gnu-gcc -I.  -DHAVE_CONFIG_H -g -O2 -ggdb3 -Wall -W   -Wmissing-prototypes -Wmissing-declarations -Wstrict-prototypes   -Wpointer-arith -Wbad-function-cast -Wnested-externs -fpic -MT serpent-meta.o -MD -MP -MF serpent-meta.o.d -c serpent-meta.c \
&& true
/opt/x86_64-linux-gnu/bin/x86_64-linux-gnu-gcc -I.  -DHAVE_CONFIG_H -g -O2 -ggdb3 -Wall -W   -Wmissing-prototypes -Wmissing-declarations -Wstrict-prototypes   -Wpointer-arith -Wbad-function-cast -Wnested-externs -fpic -MT twofish.o -MD -MP -MF twofish.o.d -c twofish.c \
&& true
/opt/x86_64-linux-gnu/bin/x86_64-linux-gnu-gcc -I.  -DHAVE_CONFIG_H -g -O2 -ggdb3 -Wall -W   -Wmissing-prototypes -Wmissing-declarations -Wstrict-prototypes   -Wpointer-arith -Wbad-function-cast -Wnested-externs -fpic -MT twofish-meta.o -MD -MP -MF twofish-meta.o.d -c twofish-meta.c \
&& true
/usr/bin/m4 ./asm.m4 machine.m4 config.m4 umac-nh.asm >umac-nh.s
/opt/x86_64-linux-gnu/bin/x86_64-linux-gnu-gcc -I.  -DHAVE_CONFIG_H -g -O2 -ggdb3 -Wall -W   -Wmissing-prototypes -Wmissing-declarations -Wstrict-prototypes   -Wpointer-arith -Wbad-function-cast -Wnested-externs -fpic -MT umac-nh.o -MD -MP -MF umac-nh.o.d -c umac-nh.s
/usr/bin/m4 ./asm.m4 machine.m4 config.m4 umac-nh-n.asm >umac-nh-n.s
/opt/x86_64-linux-gnu/bin/x86_64-linux-gnu-gcc -I.  -DHAVE_CONFIG_H -g -O2 -ggdb3 -Wall -W   -Wmissing-prototypes -Wmissing-declarations -Wstrict-prototypes   -Wpointer-arith -Wbad-function-cast -Wnested-externs -fpic -MT umac-nh-n.o -MD -MP -MF umac-nh-n.o.d -c umac-nh-n.s
/opt/x86_64-linux-gnu/bin/x86_64-linux-gnu-gcc -I.  -DHAVE_CONFIG_H -g -O2 -ggdb3 -Wall -W   -Wmissing-prototypes -Wmissing-declarations -Wstrict-prototypes   -Wpointer-arith -Wbad-function-cast -Wnested-externs -fpic -MT umac-l2.o -MD -MP -MF umac-l2.o.d -c umac-l2.c \
&& true
/opt/x86_64-linux-gnu/bin/x86_64-linux-gnu-gcc -I.  -DHAVE_CONFIG_H -g -O2 -ggdb3 -Wall -W   -Wmissing-prototypes -Wmissing-declarations -Wstrict-prototypes   -Wpointer-arith -Wbad-function-cast -Wnested-externs -fpic -MT umac-l3.o -MD -MP -MF umac-l3.o.d -c umac-l3.c \
&& true
/opt/x86_64-linux-gnu/bin/x86_64-linux-gnu-gcc -I.  -DHAVE_CONFIG_H -g -O2 -ggdb3 -Wall -W   -Wmissing-prototypes -Wmissing-declarations -Wstrict-prototypes   -Wpointer-arith -Wbad-function-cast -Wnested-externs -fpic -MT umac-poly64.o -MD -MP -MF umac-poly64.o.d -c umac-poly64.c \
&& true
/opt/x86_64-linux-gnu/bin/x86_64-linux-gnu-gcc -I.  -DHAVE_CONFIG_H -g -O2 -ggdb3 -Wall -W   -Wmissing-prototypes -Wmissing-declarations -Wstrict-prototypes   -Wpointer-arith -Wbad-function-cast -Wnested-externs -fpic -MT umac-poly128.o -MD -MP -MF umac-poly128.o.d -c umac-poly128.c \
&& true
/opt/x86_64-linux-gnu/bin/x86_64-linux-gnu-gcc -I.  -DHAVE_CONFIG_H -g -O2 -ggdb3 -Wall -W   -Wmissing-prototypes -Wmissing-declarations -Wstrict-prototypes   -Wpointer-arith -Wbad-function-cast -Wnested-externs -fpic -MT umac-set-key.o -MD -MP -MF umac-set-key.o.d -c umac-set-key.c \
&& true
/opt/x86_64-linux-gnu/bin/x86_64-linux-gnu-gcc -I.  -DHAVE_CONFIG_H -g -O2 -ggdb3 -Wall -W   -Wmissing-prototypes -Wmissing-declarations -Wstrict-prototypes   -Wpointer-arith -Wbad-function-cast -Wnested-externs -fpic -MT umac32.o -MD -MP -MF umac32.o.d -c umac32.c \
&& true
/opt/x86_64-linux-gnu/bin/x86_64-linux-gnu-gcc -I.  -DHAVE_CONFIG_H -g -O2 -ggdb3 -Wall -W   -Wmissing-prototypes -Wmissing-declarations -Wstrict-prototypes   -Wpointer-arith -Wbad-function-cast -Wnested-externs -fpic -MT umac64.o -MD -MP -MF umac64.o.d -c umac64.c \
&& true
/opt/x86_64-linux-gnu/bin/x86_64-linux-gnu-gcc -I.  -DHAVE_CONFIG_H -g -O2 -ggdb3 -Wall -W   -Wmissing-prototypes -Wmissing-declarations -Wstrict-prototypes   -Wpointer-arith -Wbad-function-cast -Wnested-externs -fpic -MT umac96.o -MD -MP -MF umac96.o.d -c umac96.c \
&& true
/opt/x86_64-linux-gnu/bin/x86_64-linux-gnu-gcc -I.  -DHAVE_CONFIG_H -g -O2 -ggdb3 -Wall -W   -Wmissing-prototypes -Wmissing-declarations -Wstrict-prototypes   -Wpointer-arith -Wbad-function-cast -Wnested-externs -fpic -MT umac128.o -MD -MP -MF umac128.o.d -c umac128.c \
&& true
/opt/x86_64-linux-gnu/bin/x86_64-linux-gnu-gcc -I.  -DHAVE_CONFIG_H -g -O2 -ggdb3 -Wall -W   -Wmissing-prototypes -Wmissing-declarations -Wstrict-prototypes   -Wpointer-arith -Wbad-function-cast -Wnested-externs -fpic -MT version.o -MD -MP -MF version.o.d -c version.c \
&& true
/opt/x86_64-linux-gnu/bin/x86_64-linux-gnu-gcc -I.  -DHAVE_CONFIG_H -g -O2 -ggdb3 -Wall -W   -Wmissing-prototypes -Wmissing-declarations -Wstrict-prototypes   -Wpointer-arith -Wbad-function-cast -Wnested-externs -fpic -MT write-be32.o -MD -MP -MF write-be32.o.d -c write-be32.c \
&& true
/opt/x86_64-linux-gnu/bin/x86_64-linux-gnu-gcc -I.  -DHAVE_CONFIG_H -g -O2 -ggdb3 -Wall -W   -Wmissing-prototypes -Wmissing-declarations -Wstrict-prototypes   -Wpointer-arith -Wbad-function-cast -Wnested-externs -fpic -MT write-le32.o -MD -MP -MF write-le32.o.d -c write-le32.c \
&& true
/opt/x86_64-linux-gnu/bin/x86_64-linux-gnu-gcc -I.  -DHAVE_CONFIG_H -g -O2 -ggdb3 -Wall -W   -Wmissing-prototypes -Wmissing-declarations -Wstrict-prototypes   -Wpointer-arith -Wbad-function-cast -Wnested-externs -fpic -MT write-le64.o -MD -MP -MF write-le64.o.d -c write-le64.c \
&& true
/opt/x86_64-linux-gnu/bin/x86_64-linux-gnu-gcc -I.  -DHAVE_CONFIG_H -g -O2 -ggdb3 -Wall -W   -Wmissing-prototypes -Wmissing-declarations -Wstrict-prototypes   -Wpointer-arith -Wbad-function-cast -Wnested-externs -fpic -MT yarrow256.o -MD -MP -MF yarrow256.o.d -c yarrow256.c \
&& true
/opt/x86_64-linux-gnu/bin/x86_64-linux-gnu-gcc -I.  -DHAVE_CONFIG_H -g -O2 -ggdb3 -Wall -W   -Wmissing-prototypes -Wmissing-declarations -Wstrict-prototypes   -Wpointer-arith -Wbad-function-cast -Wnested-externs -fpic -MT yarrow_key_event.o -MD -MP -MF yarrow_key_event.o.d -c yarrow_key_event.c \
&& true
/usr/bin/m4 ./asm.m4 machine.m4 config.m4 gcm-hash8.asm >gcm-hash8.s
/opt/x86_64-linux-gnu/bin/x86_64-linux-gnu-gcc -I.  -DHAVE_CONFIG_H -g -O2 -ggdb3 -Wall -W   -Wmissing-prototypes -Wmissing-declarations -Wstrict-prototypes   -Wpointer-arith -Wbad-function-cast -Wnested-externs -fpic -MT gcm-hash8.o -MD -MP -MF gcm-hash8.o.d -c gcm-hash8.s
rm -f libnettle.a
/opt/x86_64-linux-gnu/bin/x86_64-linux-gnu-ar cru libnettle.a aes-decrypt-internal.o aes-decrypt.o aes-encrypt-internal.o aes-encrypt.o aes-encrypt-table.o aes-invert-internal.o aes-set-key-internal.o aes-set-encrypt-key.o aes-set-decrypt-key.o aes128-set-encrypt-key.o aes128-set-decrypt-key.o aes128-meta.o aes192-set-encrypt-key.o aes192-set-decrypt-key.o aes192-meta.o aes256-set-encrypt-key.o aes256-set-decrypt-key.o aes256-meta.o arcfour.o arcfour-crypt.o arctwo.o arctwo-meta.o blowfish.o base16-encode.o base16-decode.o base16-meta.o base64-encode.o base64-decode.o base64-meta.o base64url-encode.o base64url-decode.o base64url-meta.o buffer.o buffer-init.o camellia-crypt-internal.o camellia-table.o camellia-absorb.o camellia-invert-key.o camellia128-set-encrypt-key.o camellia128-crypt.o camellia128-set-decrypt-key.o camellia128-meta.o camellia192-meta.o camellia256-set-encrypt-key.o camellia256-crypt.o camellia256-set-decrypt-key.o camellia256-meta.o cast128.o cast128-meta.o cbc.o ccm.o ccm-aes128.o ccm-aes192.o ccm-aes256.o cfb.o chacha-crypt.o chacha-core-internal.o chacha-poly1305.o chacha-poly1305-meta.o chacha-set-key.o chacha-set-nonce.o ctr.o des.o des3.o des-compat.o eax.o eax-aes128.o eax-aes128-meta.o gcm.o gcm-aes.o gcm-aes128.o gcm-aes128-meta.o gcm-aes192.o gcm-aes192-meta.o gcm-aes256.o gcm-aes256-meta.o gcm-camellia128.o gcm-camellia128-meta.o gcm-camellia256.o gcm-camellia256-meta.o gosthash94.o gosthash94-meta.o hmac.o hmac-md5.o hmac-ripemd160.o hmac-sha1.o hmac-sha224.o hmac-sha256.o hmac-sha384.o hmac-sha512.o knuth-lfib.o hkdf.o md2.o md2-meta.o md4.o md4-meta.o md5.o md5-compress.o md5-compat.o md5-meta.o memeql-sec.o memxor.o memxor3.o nettle-lookup-hash.o nettle-meta-aeads.o nettle-meta-armors.o nettle-meta-ciphers.o nettle-meta-hashes.o pbkdf2.o pbkdf2-hmac-sha1.o pbkdf2-hmac-sha256.o poly1305-aes.o poly1305-internal.o realloc.o ripemd160.o ripemd160-compress.o ripemd160-meta.o salsa20-core-internal.o salsa20-crypt.o salsa20r12-crypt.o salsa20-set-key.o salsa20-set-nonce.o salsa20-128-set-key.o salsa20-256-set-key.o sha1.o sha1-compress.o sha1-meta.o sha256.o sha256-compress.o sha224-meta.o sha256-meta.o sha512.o sha512-compress.o sha384-meta.o sha512-meta.o sha512-224-meta.o sha512-256-meta.o sha3.o sha3-permute.o sha3-224.o sha3-224-meta.o sha3-256.o sha3-256-meta.o sha3-384.o sha3-384-meta.o sha3-512.o sha3-512-meta.o serpent-set-key.o serpent-encrypt.o serpent-decrypt.o serpent-meta.o twofish.o twofish-meta.o umac-nh.o umac-nh-n.o umac-l2.o umac-l3.o umac-poly64.o umac-poly128.o umac-set-key.o umac32.o umac64.o umac96.o umac128.o version.o write-be32.o write-le32.o write-le64.o yarrow256.o yarrow_key_event.o  gcm-hash8.o
/opt/x86_64-linux-gnu/bin/x86_64-linux-gnu-gcc -g -O2 -ggdb3 -Wall -W   -Wmissing-prototypes -Wmissing-declarations -Wstrict-prototypes   -Wpointer-arith -Wbad-function-cast -Wnested-externs  -shared -Wl,-soname=libnettle.so.6 aes-decrypt-internal.o aes-decrypt.o aes-encrypt-internal.o aes-encrypt.o aes-encrypt-table.o aes-invert-internal.o aes-set-key-internal.o aes-set-encrypt-key.o aes-set-decrypt-key.o aes128-set-encrypt-key.o aes128-set-decrypt-key.o aes128-meta.o aes192-set-encrypt-key.o aes192-set-decrypt-key.o aes192-meta.o aes256-set-encrypt-key.o aes256-set-decrypt-key.o aes256-meta.o arcfour.o arcfour-crypt.o arctwo.o arctwo-meta.o blowfish.o base16-encode.o base16-decode.o base16-meta.o base64-encode.o base64-decode.o base64-meta.o base64url-encode.o base64url-decode.o base64url-meta.o buffer.o buffer-init.o camellia-crypt-internal.o camellia-table.o camellia-absorb.o camellia-invert-key.o camellia128-set-encrypt-key.o camellia128-crypt.o camellia128-set-decrypt-key.o camellia128-meta.o camellia192-meta.o camellia256-set-encrypt-key.o camellia256-crypt.o camellia256-set-decrypt-key.o camellia256-meta.o cast128.o cast128-meta.o cbc.o ccm.o ccm-aes128.o ccm-aes192.o ccm-aes256.o cfb.o chacha-crypt.o chacha-core-internal.o chacha-poly1305.o chacha-poly1305-meta.o chacha-set-key.o chacha-set-nonce.o ctr.o des.o des3.o des-compat.o eax.o eax-aes128.o eax-aes128-meta.o gcm.o gcm-aes.o gcm-aes128.o gcm-aes128-meta.o gcm-aes192.o gcm-aes192-meta.o gcm-aes256.o gcm-aes256-meta.o gcm-camellia128.o gcm-camellia128-meta.o gcm-camellia256.o gcm-camellia256-meta.o gosthash94.o gosthash94-meta.o hmac.o hmac-md5.o hmac-ripemd160.o hmac-sha1.o hmac-sha224.o hmac-sha256.o hmac-sha384.o hmac-sha512.o knuth-lfib.o hkdf.o md2.o md2-meta.o md4.o md4-meta.o md5.o md5-compress.o md5-compat.o md5-meta.o memeql-sec.o memxor.o memxor3.o nettle-lookup-hash.o nettle-meta-aeads.o nettle-meta-armors.o nettle-meta-ciphers.o nettle-meta-hashes.o pbkdf2.o pbkdf2-hmac-sha1.o pbkdf2-hmac-sha256.o poly1305-aes.o poly1305-internal.o realloc.o ripemd160.o ripemd160-compress.o ripemd160-meta.o salsa20-core-internal.o salsa20-crypt.o salsa20r12-crypt.o salsa20-set-key.o salsa20-set-nonce.o salsa20-128-set-key.o salsa20-256-set-key.o sha1.o sha1-compress.o sha1-meta.o sha256.o sha256-compress.o sha224-meta.o sha256-meta.o sha512.o sha512-compress.o sha384-meta.o sha512-meta.o sha512-224-meta.o sha512-256-meta.o sha3.o sha3-permute.o sha3-224.o sha3-224-meta.o sha3-256.o sha3-256-meta.o sha3-384.o sha3-384-meta.o sha3-512.o sha3-512-meta.o serpent-set-key.o serpent-encrypt.o serpent-decrypt.o serpent-meta.o twofish.o twofish-meta.o umac-nh.o umac-nh-n.o umac-l2.o umac-l3.o umac-poly64.o umac-poly128.o umac-set-key.o umac32.o umac64.o umac96.o umac128.o version.o write-be32.o write-le32.o write-le64.o yarrow256.o yarrow_key_event.o  gcm-hash8.o -Wl,--version-script=libnettle.map -o libnettle.so 
/opt/x86_64-linux-gnu/bin/x86_64-linux-gnu-ranlib libnettle.a
echo nettle > libnettle.stamp
mkdir .lib 2>/dev/null
(cd .lib \
          && rm -f libnettle.so \
  && ln -s ../libnettle.so libnettle.so \
  && [ -z "libnettle.so.6" ] \
  || { rm -f libnettle.so.6 \
       && ln -s libnettle.so libnettle.so.6 ; } )
echo nettle > libnettle.stamp
make[1]: Leaving directory '/workspace/srcdir/nettle-3.4'
set -e; for d in tools testsuite examples; do \
  echo "Making all in $d" ; (cd $d && make all); done
Making all in tools
make[1]: Entering directory '/workspace/srcdir/nettle-3.4/tools'
/opt/x86_64-linux-gnu/bin/x86_64-linux-gnu-gcc -I.. -I..  -DHAVE_CONFIG_H -g -O2 -ggdb3 -Wall -W   -Wmissing-prototypes -Wmissing-declarations -Wstrict-prototypes   -Wpointer-arith -Wbad-function-cast -Wnested-externs  -MT sexp-conv.o -MD -MP -MF sexp-conv.o.d -c sexp-conv.c && true
/opt/x86_64-linux-gnu/bin/x86_64-linux-gnu-gcc -I.. -I..  -DHAVE_CONFIG_H -g -O2 -ggdb3 -Wall -W   -Wmissing-prototypes -Wmissing-declarations -Wstrict-prototypes   -Wpointer-arith -Wbad-function-cast -Wnested-externs  -MT input.o -MD -MP -MF input.o.d -c input.c && true
/opt/x86_64-linux-gnu/bin/x86_64-linux-gnu-gcc -I.. -I..  -DHAVE_CONFIG_H -g -O2 -ggdb3 -Wall -W   -Wmissing-prototypes -Wmissing-declarations -Wstrict-prototypes   -Wpointer-arith -Wbad-function-cast -Wnested-externs  -MT output.o -MD -MP -MF output.o.d -c output.c && true
/opt/x86_64-linux-gnu/bin/x86_64-linux-gnu-gcc -I.. -I..  -DHAVE_CONFIG_H -g -O2 -ggdb3 -Wall -W   -Wmissing-prototypes -Wmissing-declarations -Wstrict-prototypes   -Wpointer-arith -Wbad-function-cast -Wnested-externs  -MT parse.o -MD -MP -MF parse.o.d -c parse.c && true
/opt/x86_64-linux-gnu/bin/x86_64-linux-gnu-gcc -I.. -I..  -DHAVE_CONFIG_H -g -O2 -ggdb3 -Wall -W   -Wmissing-prototypes -Wmissing-declarations -Wstrict-prototypes   -Wpointer-arith -Wbad-function-cast -Wnested-externs  -MT misc.o -MD -MP -MF misc.o.d -c misc.c && true
/opt/x86_64-linux-gnu/bin/x86_64-linux-gnu-gcc -I.. -I..  -DHAVE_CONFIG_H -g -O2 -ggdb3 -Wall -W   -Wmissing-prototypes -Wmissing-declarations -Wstrict-prototypes   -Wpointer-arith -Wbad-function-cast -Wnested-externs  -MT nettle-hash.o -MD -MP -MF nettle-hash.o.d -c nettle-hash.c && true
/opt/x86_64-linux-gnu/bin/x86_64-linux-gnu-gcc -I.. -I..  -DHAVE_CONFIG_H -g -O2 -ggdb3 -Wall -W   -Wmissing-prototypes -Wmissing-declarations -Wstrict-prototypes   -Wpointer-arith -Wbad-function-cast -Wnested-externs  -MT nettle-pbkdf2.o -MD -MP -MF nettle-pbkdf2.o.d -c nettle-pbkdf2.c && true
/opt/x86_64-linux-gnu/bin/x86_64-linux-gnu-gcc -I.. -I..  -DHAVE_CONFIG_H -g -O2 -ggdb3 -Wall -W   -Wmissing-prototypes -Wmissing-declarations -Wstrict-prototypes   -Wpointer-arith -Wbad-function-cast -Wnested-externs  -MT nettle-lfib-stream.o -MD -MP -MF nettle-lfib-stream.o.d -c nettle-lfib-stream.c && true
/opt/x86_64-linux-gnu/bin/x86_64-linux-gnu-gcc -g -O2 -ggdb3 -Wall -W   -Wmissing-prototypes -Wmissing-declarations -Wstrict-prototypes   -Wpointer-arith -Wbad-function-cast -Wnested-externs -L..  sexp-conv.o input.o output.o parse.o misc.o ../getopt.o ../getopt1.o -lnettle  -o sexp-conv
/opt/x86_64-linux-gnu/bin/x86_64-linux-gnu-gcc -g -O2 -ggdb3 -Wall -W   -Wmissing-prototypes -Wmissing-declarations -Wstrict-prototypes   -Wpointer-arith -Wbad-function-cast -Wnested-externs -L..  nettle-hash.o misc.o ../getopt.o ../getopt1.o -lnettle -o nettle-hash
/opt/x86_64-linux-gnu/bin/x86_64-linux-gnu-gcc -g -O2 -ggdb3 -Wall -W   -Wmissing-prototypes -Wmissing-declarations -Wstrict-prototypes   -Wpointer-arith -Wbad-function-cast -Wnested-externs -L..  nettle-pbkdf2.o misc.o ../getopt.o ../getopt1.o -lnettle -o nettle-pbkdf2
/opt/x86_64-linux-gnu/bin/x86_64-linux-gnu-gcc -g -O2 -ggdb3 -Wall -W   -Wmissing-prototypes -Wmissing-declarations -Wstrict-prototypes   -Wpointer-arith -Wbad-function-cast -Wnested-externs -L..  nettle-lfib-stream.o -lnettle  -o nettle-lfib-stream
make[1]: Leaving directory '/workspace/srcdir/nettle-3.4/tools'
Making all in testsuite
make[1]: Entering directory '/workspace/srcdir/nettle-3.4/testsuite'
/opt/x86_64-linux-gnu/bin/x86_64-linux-gnu-gcc -I.. -I..  -DHAVE_CONFIG_H -g -O2 -ggdb3 -Wall -W   -Wmissing-prototypes -Wmissing-declarations -Wstrict-prototypes   -Wpointer-arith -Wbad-function-cast -Wnested-externs  -MT sha1-huge-test.o -MD -MP -MF sha1-huge-test.o.d -c sha1-huge-test.c && true
/opt/x86_64-linux-gnu/bin/x86_64-linux-gnu-gcc -I.. -I..  -DHAVE_CONFIG_H -g -O2 -ggdb3 -Wall -W   -Wmissing-prototypes -Wmissing-declarations -Wstrict-prototypes   -Wpointer-arith -Wbad-function-cast -Wnested-externs  -MT testutils.o -MD -MP -MF testutils.o.d -c testutils.c && true
/opt/x86_64-linux-gnu/bin/x86_64-linux-gnu-gcc -g -O2 -ggdb3 -Wall -W   -Wmissing-prototypes -Wmissing-declarations -Wstrict-prototypes   -Wpointer-arith -Wbad-function-cast -Wnested-externs -L..  sha1-huge-test.o testutils.o ../nettle-internal.o  -lnettle  -o sha1-huge-test
make[1]: Leaving directory '/workspace/srcdir/nettle-3.4/testsuite'
Making all in examples
make[1]: Entering directory '/workspace/srcdir/nettle-3.4/examples'
/opt/x86_64-linux-gnu/bin/x86_64-linux-gnu-gcc -I.. -I..  -DHAVE_CONFIG_H -g -O2 -ggdb3 -Wall -W   -Wmissing-prototypes -Wmissing-declarations -Wstrict-prototypes   -Wpointer-arith -Wbad-function-cast -Wnested-externs  -MT nettle-benchmark.o -MD -MP -MF nettle-benchmark.o.d -c nettle-benchmark.c && true
/opt/x86_64-linux-gnu/bin/x86_64-linux-gnu-gcc -I.. -I..  -DHAVE_CONFIG_H -g -O2 -ggdb3 -Wall -W   -Wmissing-prototypes -Wmissing-declarations -Wstrict-prototypes   -Wpointer-arith -Wbad-function-cast -Wnested-externs  -MT nettle-openssl.o -MD -MP -MF nettle-openssl.o.d -c nettle-openssl.c && true
/opt/x86_64-linux-gnu/bin/x86_64-linux-gnu-gcc -I.. -I..  -DHAVE_CONFIG_H -g -O2 -ggdb3 -Wall -W   -Wmissing-prototypes -Wmissing-declarations -Wstrict-prototypes   -Wpointer-arith -Wbad-function-cast -Wnested-externs  -MT timing.o -MD -MP -MF timing.o.d -c timing.c && true
nettle-benchmark.c: In function main:
nettle-benchmark.c:790:5: warning: this statement may fall through [-Wimplicit-fallthrough=]
  if (frequency > 0.0)
     ^
nettle-benchmark.c:793:7: note: here
       case OPT_HELP:
       ^~~~
/opt/x86_64-linux-gnu/bin/x86_64-linux-gnu-gcc -I.. -I..  -DHAVE_CONFIG_H -g -O2 -ggdb3 -Wall -W   -Wmissing-prototypes -Wmissing-declarations -Wstrict-prototypes   -Wpointer-arith -Wbad-function-cast -Wnested-externs  -MT io.o -MD -MP -MF io.o.d -c io.c && true
/opt/x86_64-linux-gnu/bin/x86_64-linux-gnu-gcc -I.. -I..  -DHAVE_CONFIG_H -g -O2 -ggdb3 -Wall -W   -Wmissing-prototypes -Wmissing-declarations -Wstrict-prototypes   -Wpointer-arith -Wbad-function-cast -Wnested-externs  -MT eratosthenes.o -MD -MP -MF eratosthenes.o.d -c eratosthenes.c && true
/opt/x86_64-linux-gnu/bin/x86_64-linux-gnu-gcc -I.. -I..  -DHAVE_CONFIG_H -g -O2 -ggdb3 -Wall -W   -Wmissing-prototypes -Wmissing-declarations -Wstrict-prototypes   -Wpointer-arith -Wbad-function-cast -Wnested-externs  -MT base16enc.o -MD -MP -MF base16enc.o.d -c base16enc.c && true
/opt/x86_64-linux-gnu/bin/x86_64-linux-gnu-gcc -I.. -I..  -DHAVE_CONFIG_H -g -O2 -ggdb3 -Wall -W   -Wmissing-prototypes -Wmissing-declarations -Wstrict-prototypes   -Wpointer-arith -Wbad-function-cast -Wnested-externs  -MT base16dec.o -MD -MP -MF base16dec.o.d -c base16dec.c && true
/opt/x86_64-linux-gnu/bin/x86_64-linux-gnu-gcc -I.. -I..  -DHAVE_CONFIG_H -g -O2 -ggdb3 -Wall -W   -Wmissing-prototypes -Wmissing-declarations -Wstrict-prototypes   -Wpointer-arith -Wbad-function-cast -Wnested-externs  -MT base64enc.o -MD -MP -MF base64enc.o.d -c base64enc.c && true
/opt/x86_64-linux-gnu/bin/x86_64-linux-gnu-gcc -I.. -I..  -DHAVE_CONFIG_H -g -O2 -ggdb3 -Wall -W   -Wmissing-prototypes -Wmissing-declarations -Wstrict-prototypes   -Wpointer-arith -Wbad-function-cast -Wnested-externs  -MT base64dec.o -MD -MP -MF base64dec.o.d -c base64dec.c && true
/opt/x86_64-linux-gnu/bin/x86_64-linux-gnu-gcc -g -O2 -ggdb3 -Wall -W   -Wmissing-prototypes -Wmissing-declarations -Wstrict-prototypes   -Wpointer-arith -Wbad-function-cast -Wnested-externs -L..  nettle-benchmark.o nettle-openssl.o ../getopt.o ../getopt1.o ../nettle-internal.o timing.o -lnettle -lrt  -lm  -o nettle-benchmark
/opt/x86_64-linux-gnu/bin/x86_64-linux-gnu-gcc -g -O2 -ggdb3 -Wall -W   -Wmissing-prototypes -Wmissing-declarations -Wstrict-prototypes   -Wpointer-arith -Wbad-function-cast -Wnested-externs -L..  eratosthenes.o ../getopt.o ../getopt1.o -o eratosthenes
/opt/x86_64-linux-gnu/bin/x86_64-linux-gnu-gcc -g -O2 -ggdb3 -Wall -W   -Wmissing-prototypes -Wmissing-declarations -Wstrict-prototypes   -Wpointer-arith -Wbad-function-cast -Wnested-externs -L..  base16enc.o io.o \
-lnettle  -o base16enc
/opt/x86_64-linux-gnu/bin/x86_64-linux-gnu-gcc -g -O2 -ggdb3 -Wall -W   -Wmissing-prototypes -Wmissing-declarations -Wstrict-prototypes   -Wpointer-arith -Wbad-function-cast -Wnested-externs -L..  base16dec.o io.o \
-lnettle  -o base16dec
/opt/x86_64-linux-gnu/bin/x86_64-linux-gnu-gcc -g -O2 -ggdb3 -Wall -W   -Wmissing-prototypes -Wmissing-declarations -Wstrict-prototypes   -Wpointer-arith -Wbad-function-cast -Wnested-externs -L..  base64enc.o io.o \
-lnettle  -o base64enc
/opt/x86_64-linux-gnu/bin/x86_64-linux-gnu-gcc -g -O2 -ggdb3 -Wall -W   -Wmissing-prototypes -Wmissing-declarations -Wstrict-prototypes   -Wpointer-arith -Wbad-function-cast -Wnested-externs -L..  base64dec.o io.o \
-lnettle  -o base64dec
make[1]: Leaving directory '/workspace/srcdir/nettle-3.4/examples'
make install-here
make[1]: Entering directory '/workspace/srcdir/nettle-3.4'
./install-sh -c -d /workspace/destdir/include/nettle
for f in aes.h arcfour.h arctwo.h asn1.h blowfish.h base16.h base64.h bignum.h buffer.h camellia.h cast128.h cbc.h ccm.h cfb.h chacha.h chacha-poly1305.h ctr.h curve25519.h des.h des-compat.h dsa.h dsa-compat.h eax.h ecc-curve.h ecc.h ecdsa.h eddsa.h gcm.h gosthash94.h hmac.h knuth-lfib.h hkdf.h macros.h md2.h md4.h md5.h md5-compat.h memops.h memxor.h nettle-meta.h nettle-types.h pbkdf2.h pgp.h pkcs1.h pss.h pss-mgf1.h realloc.h ripemd160.h rsa.h salsa20.h sexp.h serpent.h sha.h sha1.h sha2.h sha3.h twofish.h umac.h yarrow.h poly1305.h nettle-stdint.h version.h  ; do \
  if [ -f "$f" ] ; then \
    /usr/bin/install -c -m 644 "$f" /workspace/destdir/include/nettle ; \
  else \
    /usr/bin/install -c -m 644 "./$f" /workspace/destdir/include/nettle ; \
  fi ; done
./config.status config.h
config.status: creating config.h
config.status: config.h is unchanged
echo timestamp > stamp-h
./install-sh -c -d /workspace/destdir/lib
for f in libnettle.a ; do \
  /usr/bin/install -c -m 644 $f /workspace/destdir/lib ; \
done
./install-sh -c -d /workspace/destdir/lib/pkgconfig
for f in nettle.pc  ; do \
  /usr/bin/install -c -m 644 "$f" /workspace/destdir/lib/pkgconfig ; \
done
./install-sh -c -d /workspace/destdir/lib
/usr/bin/install -c -m 644 libnettle.so /workspace/destdir/lib/libnettle.so.6.4
[ -z "libnettle.so.6" ] \
                || (cd /workspace/destdir/lib \
	&& rm -f libnettle.so.6 libnettle.so \
	&& ln -s libnettle.so.6.4 libnettle.so.6 \
	&& ln -s libnettle.so.6.4 libnettle.so)
make[1]: Leaving directory '/workspace/srcdir/nettle-3.4'
set -e; for d in tools testsuite examples; do \
  echo "Making install in $d" ; (cd $d && make install); done
Making install in tools
make[1]: Entering directory '/workspace/srcdir/nettle-3.4/tools'
.././install-sh -c -d /workspace/destdir/bin
for f in sexp-conv nettle-hash nettle-pbkdf2 nettle-lfib-stream  ; do \
  /usr/bin/install -c $f /workspace/destdir/bin ; \
done
make[1]: Leaving directory '/workspace/srcdir/nettle-3.4/tools'
Making install in testsuite
make[1]: Entering directory '/workspace/srcdir/nettle-3.4/testsuite'
true
make[1]: Leaving directory '/workspace/srcdir/nettle-3.4/testsuite'
Making install in examples
make[1]: Entering directory '/workspace/srcdir/nettle-3.4/examples'
true
make[1]: Leaving directory '/workspace/srcdir/nettle-3.4/examples'
