#######
LanguageClient 0.1.147 
#######
22:22:58 INFO writer-None src/rpcclient.rs:215 => None {"jsonrpc":"2.0","method":"eval","params":["[!!get(g:, 'LanguageClient_autoStart', 1), s:GetVar('LanguageClient_serverCommands', {}), get(g:, 'LanguageClient_selectionUI', v:null), get(g:, 'LanguageClient_trace', v:null), expand(get(g:, 'LanguageClient_settingsPath', '.vim/settings.json')), !!get(g:, 'LanguageClient_loadSettings', 1), get(g:, 'LanguageClient_rootMarkers', v:null), get(g:, 'LanguageClient_changeThrottle', v:null), get(g:, 'LanguageClient_waitOutputTimeout', v:null), !!get(g:, 'LanguageClient_diagnosticsEnable', 1), get(g:, 'LanguageClient_diagnosticsList', 'Quickfix'), get(g:, 'LanguageClient_diagnosticsDisplay', {}), get(g:, 'LanguageClient_windowLogMessageLevel', 'Warning'), get(g:, 'LanguageClient_hoverPreview', 'Auto'), get(g:, 'LanguageClient_completionPreferTextEdit', 0), has('nvim')]"],"id":32}
22:22:58 INFO reader-None src/rpcclient.rs:169 <= None {"id": 32, "jsonrpc": "2.0", "result": [1, {"c": ["cquery", "--log-file=/tmp/cq.log"], "julia": ["/usr/bin/julia", "--startup-file=no", "--history-file=no", "/home/sinai/.config/nvim/plugin_config/lsp.jl"], "sh": ["bash-language-server", "start"], "cpp": ["cquery", "--log-file=/tmp/cq.log"], "python": ["pyls"]}, null, null, "/home/sinai/.config/nvim/settings.json", 1, null, null, null, 1, "Quickfix", {}, "Warning", "Auto", 0, 1]}
22:22:58 INFO writer-None src/rpcclient.rs:215 => None {"jsonrpc":"2.0","method":"eval","params":["[get(g:, 'LanguageClient_diagnosticsSignsMax', v:null), get(g:, 'LanguageClient_documentHighlightDisplay', {}), !!s:GetVar('LanguageClient_selectionUI_autoOpen', 1), s:useVirtualText(), !!s:GetVar('LanguageClient_echoProjectRoot', 1)]"],"id":33}
22:22:58 INFO reader-None src/rpcclient.rs:169 <= None {"id": 33, "jsonrpc": "2.0", "result": [null, {}, 1, 1, 1]}
22:22:58 INFO writer-None src/rpcclient.rs:215 => None {"jsonrpc":"2.0","method":"eval","params":["get(g:, 'loaded_fzf')"],"id":34}
22:22:58 INFO reader-None src/rpcclient.rs:169 <= None {"id": 34, "jsonrpc": "2.0", "result": 0}
22:22:58 INFO unnamed src/language_server_protocol.rs:220 End sync settings
22:22:58 INFO unnamed src/language_server_protocol.rs:2759 settings synced
22:22:58 WARN unnamed src/language_server_protocol.rs:2152 Failed to start language server automatically. No language server commands found for filetype: lisp
22:22:58 INFO unnamed src/language_server_protocol.rs:2157 End languageClient/handleFileType
22:23:00 ERROR reader-Some("julia") src/rpcclient.rs:35 Thread reader-Some("julia") exited with error: ErrorMessage { msg: "Unable to read from language server" }
22:23:01 INFO reader-Some("julia") src/rpcclient.rs:169 <= Some("julia") {"id":1,"jsonrpc":"2.0","result":{"capabilities":{"textDocumentSync":2,"hoverProvider":true,"completionProvider":{"resolveProvider":false,"triggerCharacters":["."]},"signatureHelpProvider":{"triggerCharacters":["("]},"definitionProvider":true,"typeDefinitionProvider":false,"implementationProvider":false,"referencesProvider":true,"documentHighlightProvider":false,"documentSymbolProvider":true,"workspaceSymbolProvider":true,"codeActionProvider":false,"documentFormattingProvider":true,"documentRangeFormattingProvider":false,"renameProvider":true,"colorProvider":false,"executeCommandProvider":{"commands":[]},"workspace":{"workspaceFolders":{"supported":true,"changeNotifications":true}},"experimental":null}}}
22:23:01 INFO reader-Some("julia") src/rpcclient.rs:169 <= Some("julia") {"id":2,"jsonrpc":"2.0","result":{"capabilities":{"textDocumentSync":2,"hoverProvider":true,"completionProvider":{"resolveProvider":false,"triggerCharacters":["."]},"signatureHelpProvider":{"triggerCharacters":["("]},"definitionProvider":true,"typeDefinitionProvider":false,"implementationProvider":false,"referencesProvider":true,"documentHighlightProvider":false,"documentSymbolProvider":true,"workspaceSymbolProvider":true,"codeActionProvider":false,"documentFormattingProvider":true,"documentRangeFormattingProvider":false,"renameProvider":true,"colorProvider":false,"executeCommandProvider":{"commands":[]},"workspace":{"workspaceFolders":{"supported":true,"changeNotifications":true}},"experimental":null}}}
22:23:01 DEBUG unnamed src/language_client.rs:41 state.capabilities.julia: null ==> {"capabilities":{"codeActionProvider":false,"colorProvider":false,"completionProvider":{"resolveProvider":false,"triggerCharacters":["."]},"definitionProvider":true,"documentFormattingProvider":true,"documentHighlightProvider":false,"documentRangeFormattingProvider":false,"documentSymbolProvider":true,"executeCommandProvider":{"commands":[]},"experimental":null,"hoverProvider":true,"implementationProvider":false,"referencesProvider":true,"renameProvider":true,"signatureHelpProvider":{"triggerCharacters":["("]},"textDocumentSync":2,"typeDefinitionProvider":false,"workspace":{"workspaceFolders":{"changeNotifications":true,"supported":true}},"workspaceSymbolProvider":true}}
22:23:01 INFO unnamed src/language_server_protocol.rs:973 End initialize
22:23:01 INFO unnamed src/language_server_protocol.rs:707 Begin register NCM source
22:23:01 INFO writer-None src/rpcclient.rs:215 => None {"jsonrpc":"2.0","method":"eval","params":["exists('g:cm_matcher')"],"id":35}
22:23:01 INFO unnamed src/language_server_protocol.rs:973 End initialize
22:23:01 INFO unnamed src/language_server_protocol.rs:707 Begin register NCM source
22:23:01 INFO writer-None src/rpcclient.rs:215 => None {"jsonrpc":"2.0","method":"eval","params":["exists('g:cm_matcher')"],"id":36}
22:23:01 INFO reader-None src/rpcclient.rs:169 <= None {"id": 35, "jsonrpc": "2.0", "result": 0}
22:23:01 INFO unnamed src/language_server_protocol.rs:748 Begin register NCM2 source
22:23:01 INFO writer-None src/rpcclient.rs:215 => None {"jsonrpc":"2.0","method":"eval","params":["exists('g:ncm2_loaded')"],"id":37}
22:23:01 INFO reader-None src/rpcclient.rs:169 <= None {"id": 36, "jsonrpc": "2.0", "result": 0}
22:23:01 INFO unnamed src/language_server_protocol.rs:748 Begin register NCM2 source
22:23:01 INFO reader-None src/rpcclient.rs:169 <= None {"id": 37, "jsonrpc": "2.0", "result": 0}
22:23:01 INFO unnamed src/language_server_protocol.rs:990 Begin initialized
22:23:01 INFO writer-None src/rpcclient.rs:215 => None {"jsonrpc":"2.0","method":"eval","params":["exists('g:ncm2_loaded')"],"id":38}
22:23:01 INFO unnamed src/language_server_protocol.rs:995 End initialized
22:23:01 INFO unnamed src/language_server_protocol.rs:1630 Begin workspace/didChangeConfiguration
22:23:01 INFO writer-Some("julia") src/rpcclient.rs:215 => Some("julia") {"jsonrpc":"2.0","method":"initialized","params":{}}
22:23:01 INFO writer-None src/rpcclient.rs:215 => None {"jsonrpc":"2.0","method":"eval","params":["LSP#filename()"],"id":39}
22:23:01 INFO reader-None src/rpcclient.rs:169 <= None {"id": 38, "jsonrpc": "2.0", "result": 0}
22:23:01 INFO unnamed src/language_server_protocol.rs:990 Begin initialized
22:23:01 INFO unnamed src/language_server_protocol.rs:995 End initialized
22:23:01 INFO unnamed src/language_server_protocol.rs:1630 Begin workspace/didChangeConfiguration
22:23:01 INFO reader-None src/rpcclient.rs:169 <= None {"id": 39, "jsonrpc": "2.0", "result": "/home/sinai/Scripts/linker_and_loader/elf_julia/elfdump64.jl"}
22:23:01 INFO writer-Some("julia") src/rpcclient.rs:215 => Some("julia") {"jsonrpc":"2.0","method":"initialized","params":{}}
22:23:01 INFO unnamed src/language_server_protocol.rs:1642 End workspace/didChangeConfiguration
22:23:01 INFO unnamed src/language_server_protocol.rs:1647 Begin textDocument/didOpen
22:23:01 INFO writer-Some("julia") src/rpcclient.rs:215 => Some("julia") {"jsonrpc":"2.0","method":"workspace/didChangeConfiguration","params":{"settings":{"initializationOptions":{"cacheDirectory":"/tmp/cquery"}}}}
22:23:01 INFO writer-None src/rpcclient.rs:215 => None {"jsonrpc":"2.0","method":"eval","params":["LSP#filename()"],"id":40}
22:23:01 INFO writer-None src/rpcclient.rs:215 => None {"jsonrpc":"2.0","method":"LSP#text","params":["/home/sinai/Scripts/linker_and_loader/elf_julia/elfdump64.jl"],"id":41}
22:23:01 INFO reader-None src/rpcclient.rs:169 <= None {"id": 40, "jsonrpc": "2.0", "result": "/home/sinai/Scripts/linker_and_loader/elf_julia/elfdump64.jl"}
22:23:01 INFO unnamed src/language_server_protocol.rs:1642 End workspace/didChangeConfiguration
22:23:01 INFO unnamed src/language_server_protocol.rs:1647 Begin textDocument/didOpen
22:23:01 INFO writer-None src/rpcclient.rs:215 => None {"jsonrpc":"2.0","method":"LSP#text","params":["/home/sinai/Scripts/linker_and_loader/elf_julia/elfdump64.jl"],"id":42}
22:23:01 INFO writer-Some("julia") src/rpcclient.rs:215 => Some("julia") {"jsonrpc":"2.0","method":"workspace/didChangeConfiguration","params":{"settings":{"initializationOptions":{"cacheDirectory":"/tmp/cquery"}}}}
22:23:01 INFO reader-None src/rpcclient.rs:169 <= None {"id": 41, "jsonrpc": "2.0", "result": ["using ELF", "", "function elfdump(head::Array{UInt8, 1})", "\tehdr = Elf64_Ehdr(head)", "", "\tif !IS_ELF(ehdr)", "\t\terror(\"This is not an ELF file\")", "\tend", "", "\tif ehdr.e_ident[EI_CLASS] != ELFCLASS64", "\t\terror(\"Unknown class.\", Int(ehdr.e_ident[EI_CLASS]))", "\tend", "", "\tif ehdr.e_ident[EI_DATA] != ELFDATA2MSB", "\t\terror(\"Unknown endian.\", Int(ehdr.e_ident[EI_DATA]))", "\tend", "", "\tx1 = ehdr.e_shoff + ehdr.e_shentsize * ehdr.e_shstrndx", "\tshstr = Elf64_Shdr(head[x1+1:x1+64])", "", "\tprintln(\"Sections:\")", "\tx2 = ehdr.e_shoff + ehdr.e_shentsize", "\tshdr = Elf64_Shdr(head[x2+1:x2+64])", "\toff = shstr.sh_offset + shdr.sh_name + 1", "\tfor i in 0:ehdr.e_shnum", "\t\tisnull = false", "\t\twhile !isnull ", "\t\t\tif head[off] == 0x00", "\t\t\t\tprint(\"\\n\")", "\t\t\t\tisnull = true", "\t\t\tend", "\t\t\tprint(Char(head[off]))", "\t\t\toff += 1", "\t\tend", "\tend", "", "\t# print_section(head, x3+1, Int(ehdr.e_shnum))", "", "\tprintln(\"Segments:\")", "\t# for i in 0:ehdr.e_shnum", "\t\t# x4 = ehdr.e_phoff + ehdr.e_phentsize * i", "\t\t# phdr = Elf64_Phdr(head[x4+1:x4+56])", "\t\t# println(\"\\t[$i]\\t\")", "\t\t# for j in 0:ehdr.e_shnum", "\t\t\t# x5 = ehdr.e_shoff + ehdr.e_shentsize * j", "\t\t\t# shdr = Elf64_Shdr(head[x5+1:x5:64])", "\t\t\t# size = shdr.sh_type != SHT_NOBITS ? shdr.sh_size : 0", "\t\t\t# if shdr.sh_offset < phdr.p_offset continue end", "\t\t\t# if shdr.shoffset + size  > phdr.p_offset + phdr.p_filez continue end", "\t\t\t# sname = ", "end", "", "function main()", "\telfdump(read(\"../pointer\"))", "end", "", "main()", ""]}
22:23:01 INFO writer-None src/rpcclient.rs:215 => None {"jsonrpc":"2.0","method":"s:command","params":["setlocal omnifunc=LanguageClient#complete"]}
22:23:01 INFO unnamed src/language_server_protocol.rs:1681 End textDocument/didOpen
22:23:01 INFO writer-Some("julia") src/rpcclient.rs:215 => Some("julia") {"jsonrpc":"2.0","method":"textDocument/didOpen","params":{"textDocument":{"languageId":"julia","text":"using ELF\n\nfunction elfdump(head::Array{UInt8, 1})\n\tehdr = Elf64_Ehdr(head)\n\n\tif !IS_ELF(ehdr)\n\t\terror(\"This is not an ELF file\")\n\tend\n\n\tif ehdr.e_ident[EI_CLASS] != ELFCLASS64\n\t\terror(\"Unknown class.\", Int(ehdr.e_ident[EI_CLASS]))\n\tend\n\n\tif ehdr.e_ident[EI_DATA] != ELFDATA2MSB\n\t\terror(\"Unknown endian.\", Int(ehdr.e_ident[EI_DATA]))\n\tend\n\n\tx1 = ehdr.e_shoff + ehdr.e_shentsize * ehdr.e_shstrndx\n\tshstr = Elf64_Shdr(head[x1+1:x1+64])\n\n\tprintln(\"Sections:\")\n\tx2 = ehdr.e_shoff + ehdr.e_shentsize\n\tshdr = Elf64_Shdr(head[x2+1:x2+64])\n\toff = shstr.sh_offset + shdr.sh_name + 1\n\tfor i in 0:ehdr.e_shnum\n\t\tisnull = false\n\t\twhile !isnull \n\t\t\tif head[off] == 0x00\n\t\t\t\tprint(\"\\n\")\n\t\t\t\tisnull = true\n\t\t\tend\n\t\t\tprint(Char(head[off]))\n\t\t\toff += 1\n\t\tend\n\tend\n\n\t# print_section(head, x3+1, Int(ehdr.e_shnum))\n\n\tprintln(\"Segments:\")\n\t# for i in 0:ehdr.e_shnum\n\t\t# x4 = ehdr.e_phoff + ehdr.e_phentsize * i\n\t\t# phdr = Elf64_Phdr(head[x4+1:x4+56])\n\t\t# println(\"\\t[$i]\\t\")\n\t\t# for j in 0:ehdr.e_shnum\n\t\t\t# x5 = ehdr.e_shoff + ehdr.e_shentsize * j\n\t\t\t# shdr = Elf64_Shdr(head[x5+1:x5:64])\n\t\t\t# size = shdr.sh_type != SHT_NOBITS ? shdr.sh_size : 0\n\t\t\t# if shdr.sh_offset < phdr.p_offset continue end\n\t\t\t# if shdr.shoffset + size  > phdr.p_offset + phdr.p_filez continue end\n\t\t\t# sname = \nend\n\nfunction main()\n\telfdump(read(\"../pointer\"))\nend\n\nmain()\n","uri":"file:///home/sinai/Scripts/linker_and_loader/elf_julia/elfdump64.jl","version":0}}}
22:23:01 INFO writer-None src/rpcclient.rs:215 => None {"jsonrpc":"2.0","method":"setbufvar","params":["/home/sinai/Scripts/linker_and_loader/elf_julia/elfdump64.jl","LanguageClient_projectRoot","/home/sinai/Scripts/linker_and_loader/elf_julia"]}
22:23:01 INFO unnamed src/language_server_protocol.rs:1686 Begin textDocument/didChange
22:23:01 INFO writer-None src/rpcclient.rs:215 => None {"jsonrpc":"2.0","method":"s:ExecuteAutocmd","params":["LanguageClientTextDocumentDidOpenPost"]}
22:23:01 INFO writer-None src/rpcclient.rs:215 => None {"jsonrpc":"2.0","method":"LSP#text","params":["/home/sinai/Scripts/linker_and_loader/elf_julia/elfdump64.jl"],"id":43}
22:23:01 INFO reader-None src/rpcclient.rs:169 <= None {"id": 42, "jsonrpc": "2.0", "result": ["using ELF", "", "function elfdump(head::Array{UInt8, 1})", "\tehdr = Elf64_Ehdr(head)", "", "\tif !IS_ELF(ehdr)", "\t\terror(\"This is not an ELF file\")", "\tend", "", "\tif ehdr.e_ident[EI_CLASS] != ELFCLASS64", "\t\terror(\"Unknown class.\", Int(ehdr.e_ident[EI_CLASS]))", "\tend", "", "\tif ehdr.e_ident[EI_DATA] != ELFDATA2MSB", "\t\terror(\"Unknown endian.\", Int(ehdr.e_ident[EI_DATA]))", "\tend", "", "\tx1 = ehdr.e_shoff + ehdr.e_shentsize * ehdr.e_shstrndx", "\tshstr = Elf64_Shdr(head[x1+1:x1+64])", "", "\tprintln(\"Sections:\")", "\tx2 = ehdr.e_shoff + ehdr.e_shentsize", "\tshdr = Elf64_Shdr(head[x2+1:x2+64])", "\toff = shstr.sh_offset + shdr.sh_name + 1", "\tfor i in 0:ehdr.e_shnum", "\t\tisnull = false", "\t\twhile !isnull ", "\t\t\tif head[off] == 0x00", "\t\t\t\tprint(\"\\n\")", "\t\t\t\tisnull = true", "\t\t\tend", "\t\t\tprint(Char(head[off]))", "\t\t\toff += 1", "\t\tend", "\tend", "", "\t# print_section(head, x3+1, Int(ehdr.e_shnum))", "", "\tprintln(\"Segments:\")", "\t# for i in 0:ehdr.e_shnum", "\t\t# x4 = ehdr.e_phoff + ehdr.e_phentsize * i", "\t\t# phdr = Elf64_Phdr(head[x4+1:x4+56])", "\t\t# println(\"\\t[$i]\\t\")", "\t\t# for j in 0:ehdr.e_shnum", "\t\t\t# x5 = ehdr.e_shoff + ehdr.e_shentsize * j", "\t\t\t# shdr = Elf64_Shdr(head[x5+1:x5:64])", "\t\t\t# size = shdr.sh_type != SHT_NOBITS ? shdr.sh_size : 0", "\t\t\t# if shdr.sh_offset < phdr.p_offset continue end", "\t\t\t# if shdr.shoffset + size  > phdr.p_offset + phdr.p_filez continue end", "\t\t\t# sname = ", "end", "", "function main()", "\telfdump(read(\"../pointer\"))", "end", "", "main()", ""]}
22:23:01 INFO unnamed src/language_server_protocol.rs:1681 End textDocument/didOpen
22:23:01 INFO writer-None src/rpcclient.rs:215 => None {"jsonrpc":"2.0","method":"s:command","params":["setlocal omnifunc=LanguageClient#complete"]}
22:23:01 INFO writer-Some("julia") src/rpcclient.rs:215 => Some("julia") {"jsonrpc":"2.0","method":"textDocument/didOpen","params":{"textDocument":{"languageId":"julia","text":"using ELF\n\nfunction elfdump(head::Array{UInt8, 1})\n\tehdr = Elf64_Ehdr(head)\n\n\tif !IS_ELF(ehdr)\n\t\terror(\"This is not an ELF file\")\n\tend\n\n\tif ehdr.e_ident[EI_CLASS] != ELFCLASS64\n\t\terror(\"Unknown class.\", Int(ehdr.e_ident[EI_CLASS]))\n\tend\n\n\tif ehdr.e_ident[EI_DATA] != ELFDATA2MSB\n\t\terror(\"Unknown endian.\", Int(ehdr.e_ident[EI_DATA]))\n\tend\n\n\tx1 = ehdr.e_shoff + ehdr.e_shentsize * ehdr.e_shstrndx\n\tshstr = Elf64_Shdr(head[x1+1:x1+64])\n\n\tprintln(\"Sections:\")\n\tx2 = ehdr.e_shoff + ehdr.e_shentsize\n\tshdr = Elf64_Shdr(head[x2+1:x2+64])\n\toff = shstr.sh_offset + shdr.sh_name + 1\n\tfor i in 0:ehdr.e_shnum\n\t\tisnull = false\n\t\twhile !isnull \n\t\t\tif head[off] == 0x00\n\t\t\t\tprint(\"\\n\")\n\t\t\t\tisnull = true\n\t\t\tend\n\t\t\tprint(Char(head[off]))\n\t\t\toff += 1\n\t\tend\n\tend\n\n\t# print_section(head, x3+1, Int(ehdr.e_shnum))\n\n\tprintln(\"Segments:\")\n\t# for i in 0:ehdr.e_shnum\n\t\t# x4 = ehdr.e_phoff + ehdr.e_phentsize * i\n\t\t# phdr = Elf64_Phdr(head[x4+1:x4+56])\n\t\t# println(\"\\t[$i]\\t\")\n\t\t# for j in 0:ehdr.e_shnum\n\t\t\t# x5 = ehdr.e_shoff + ehdr.e_shentsize * j\n\t\t\t# shdr = Elf64_Shdr(head[x5+1:x5:64])\n\t\t\t# size = shdr.sh_type != SHT_NOBITS ? shdr.sh_size : 0\n\t\t\t# if shdr.sh_offset < phdr.p_offset continue end\n\t\t\t# if shdr.shoffset + size  > phdr.p_offset + phdr.p_filez continue end\n\t\t\t# sname = \nend\n\nfunction main()\n\telfdump(read(\"../pointer\"))\nend\n\nmain()\n","uri":"file:///home/sinai/Scripts/linker_and_loader/elf_julia/elfdump64.jl","version":0}}}
22:23:01 INFO unnamed src/language_server_protocol.rs:1686 Begin textDocument/didChange
22:23:01 INFO writer-None src/rpcclient.rs:215 => None {"jsonrpc":"2.0","method":"setbufvar","params":["/home/sinai/Scripts/linker_and_loader/elf_julia/elfdump64.jl","LanguageClient_projectRoot","/home/sinai/Scripts/linker_and_loader/elf_julia"]}
22:23:01 INFO reader-None src/rpcclient.rs:169 <= None {"id": 43, "jsonrpc": "2.0", "result": ["using ELF", "", "function elfdump(head::Array{UInt8, 1})", "\tehdr = Elf64_Ehdr(head)", "", "\tif !IS_ELF(ehdr)", "\t\terror(\"This is not an ELF file\")", "\tend", "", "\tif ehdr.e_ident[EI_CLASS] != ELFCLASS64", "\t\terror(\"Unknown class.\", Int(ehdr.e_ident[EI_CLASS]))", "\tend", "", "\tif ehdr.e_ident[EI_DATA] != ELFDATA2MSB", "\t\terror(\"Unknown endian.\", Int(ehdr.e_ident[EI_DATA]))", "\tend", "", "\tx1 = ehdr.e_shoff + ehdr.e_shentsize * ehdr.e_shstrndx", "\tshstr = Elf64_Shdr(head[x1+1:x1+64])", "", "\tprintln(\"Sections:\")", "\tx2 = ehdr.e_shoff + ehdr.e_shentsize", "\tshdr = Elf64_Shdr(head[x2+1:x2+64])", "\toff = shstr.sh_offset + shdr.sh_name + 1", "\tfor i in 0:ehdr.e_shnum", "\t\tisnull = false", "\t\twhile !isnull ", "\t\t\tif head[off] == 0x00", "\t\t\t\tprint(\"\\n\")", "\t\t\t\tisnull = true", "\t\t\tend", "\t\t\tprint(Char(head[off]))", "\t\t\toff += 1", "\t\tend", "\tend", "", "\t# print_section(head, x3+1, Int(ehdr.e_shnum))", "", "\tprintln(\"Segments:\")", "\t# for i in 0:ehdr.e_shnum", "\t\t# x4 = ehdr.e_phoff + ehdr.e_phentsize * i", "\t\t# phdr = Elf64_Phdr(head[x4+1:x4+56])", "\t\t# println(\"\\t[$i]\\t\")", "\t\t# for j in 0:ehdr.e_shnum", "\t\t\t# x5 = ehdr.e_shoff + ehdr.e_shentsize * j", "\t\t\t# shdr = Elf64_Shdr(head[x5+1:x5:64])", "\t\t\t# size = shdr.sh_type != SHT_NOBITS ? shdr.sh_size : 0", "\t\t\t# if shdr.sh_offset < phdr.p_offset continue end", "\t\t\t# if shdr.shoffset + size  > phdr.p_offset + phdr.p_filez continue end", "\t\t\t# sname = ", "end", "", "function main()", "\telfdump(read(\"../pointer\"))", "end", "", "main()", ""]}
22:23:01 INFO writer-None src/rpcclient.rs:215 => None {"jsonrpc":"2.0","method":"s:ExecuteAutocmd","params":["LanguageClientTextDocumentDidOpenPost"]}
22:23:01 INFO writer-None src/rpcclient.rs:215 => None {"jsonrpc":"2.0","method":"LSP#text","params":["/home/sinai/Scripts/linker_and_loader/elf_julia/elfdump64.jl"],"id":44}
22:23:01 INFO unnamed src/language_server_protocol.rs:1703 Texts equal. Skipping didChange.
22:23:01 INFO unnamed src/language_server_protocol.rs:2157 End languageClient/handleFileType
22:23:01 INFO writer-None src/rpcclient.rs:215 => None {"jsonrpc":"2.0","method":"s:ExecuteAutocmd","params":["LanguageClientStarted"]}
22:23:01 INFO reader-None src/rpcclient.rs:169 <= None {"id": 44, "jsonrpc": "2.0", "result": ["using ELF", "", "function elfdump(head::Array{UInt8, 1})", "\tehdr = Elf64_Ehdr(head)", "", "\tif !IS_ELF(ehdr)", "\t\terror(\"This is not an ELF file\")", "\tend", "", "\tif ehdr.e_ident[EI_CLASS] != ELFCLASS64", "\t\terror(\"Unknown class.\", Int(ehdr.e_ident[EI_CLASS]))", "\tend", "", "\tif ehdr.e_ident[EI_DATA] != ELFDATA2MSB", "\t\terror(\"Unknown endian.\", Int(ehdr.e_ident[EI_DATA]))", "\tend", "", "\tx1 = ehdr.e_shoff + ehdr.e_shentsize * ehdr.e_shstrndx", "\tshstr = Elf64_Shdr(head[x1+1:x1+64])", "", "\tprintln(\"Sections:\")", "\tx2 = ehdr.e_shoff + ehdr.e_shentsize", "\tshdr = Elf64_Shdr(head[x2+1:x2+64])", "\toff = shstr.sh_offset + shdr.sh_name + 1", "\tfor i in 0:ehdr.e_shnum", "\t\tisnull = false", "\t\twhile !isnull ", "\t\t\tif head[off] == 0x00", "\t\t\t\tprint(\"\\n\")", "\t\t\t\tisnull = true", "\t\t\tend", "\t\t\tprint(Char(head[off]))", "\t\t\toff += 1", "\t\tend", "\tend", "", "\t# print_section(head, x3+1, Int(ehdr.e_shnum))", "", "\tprintln(\"Segments:\")", "\t# for i in 0:ehdr.e_shnum", "\t\t# x4 = ehdr.e_phoff + ehdr.e_phentsize * i", "\t\t# phdr = Elf64_Phdr(head[x4+1:x4+56])", "\t\t# println(\"\\t[$i]\\t\")", "\t\t# for j in 0:ehdr.e_shnum", "\t\t\t# x5 = ehdr.e_shoff + ehdr.e_shentsize * j", "\t\t\t# shdr = Elf64_Shdr(head[x5+1:x5:64])", "\t\t\t# size = shdr.sh_type != SHT_NOBITS ? shdr.sh_size : 0", "\t\t\t# if shdr.sh_offset < phdr.p_offset continue end", "\t\t\t# if shdr.shoffset + size  > phdr.p_offset + phdr.p_filez continue end", "\t\t\t# sname = ", "end", "", "function main()", "\telfdump(read(\"../pointer\"))", "end", "", "main()", ""]}
22:23:01 INFO unnamed src/language_server_protocol.rs:1703 Texts equal. Skipping didChange.
22:23:01 INFO unnamed src/language_server_protocol.rs:2157 End languageClient/handleFileType
22:23:01 INFO writer-None src/rpcclient.rs:215 => None {"jsonrpc":"2.0","method":"s:ExecuteAutocmd","params":["LanguageClientStarted"]}
22:23:03 INFO reader-None src/rpcclient.rs:169 <= None {"method": "languageClient/handleCursorMoved", "jsonrpc": "2.0", "params": {"bufnr": 1, "viewport": {"end": 39, "start": 0}, "languageId": "julia", "buftype": "", "position": {"character": 0, "line": 1}, "filename": "/home/sinai/Scripts/linker_and_loader/elf_julia/elfdump64.jl"}}
22:23:03 INFO unnamed src/language_server_protocol.rs:2217 Begin languageClient/handleCursorMoved
22:23:04 INFO reader-None src/rpcclient.rs:169 <= None {"method": "languageClient/handleCursorMoved", "jsonrpc": "2.0", "params": {"bufnr": 1, "viewport": {"end": 39, "start": 0}, "languageId": "julia", "buftype": "", "position": {"character": 0, "line": 2}, "filename": "/home/sinai/Scripts/linker_and_loader/elf_julia/elfdump64.jl"}}
22:23:04 INFO unnamed src/language_server_protocol.rs:2217 Begin languageClient/handleCursorMoved
22:23:04 INFO reader-None src/rpcclient.rs:169 <= None {"method": "languageClient/handleCursorMoved", "jsonrpc": "2.0", "params": {"bufnr": 1, "viewport": {"end": 39, "start": 0}, "languageId": "julia", "buftype": "", "position": {"character": 0, "line": 3}, "filename": "/home/sinai/Scripts/linker_and_loader/elf_julia/elfdump64.jl"}}
22:23:04 INFO unnamed src/language_server_protocol.rs:2217 Begin languageClient/handleCursorMoved
22:23:04 INFO reader-None src/rpcclient.rs:169 <= None {"method": "languageClient/handleCursorMoved", "jsonrpc": "2.0", "params": {"bufnr": 1, "viewport": {"end": 39, "start": 0}, "languageId": "julia", "buftype": "", "position": {"character": 0, "line": 4}, "filename": "/home/sinai/Scripts/linker_and_loader/elf_julia/elfdump64.jl"}}
22:23:04 INFO unnamed src/language_server_protocol.rs:2217 Begin languageClient/handleCursorMoved
22:23:04 INFO reader-None src/rpcclient.rs:169 <= None {"method": "languageClient/handleCursorMoved", "jsonrpc": "2.0", "params": {"bufnr": 1, "viewport": {"end": 39, "start": 0}, "languageId": "julia", "buftype": "", "position": {"character": 0, "line": 5}, "filename": "/home/sinai/Scripts/linker_and_loader/elf_julia/elfdump64.jl"}}
22:23:04 INFO unnamed src/language_server_protocol.rs:2217 Begin languageClient/handleCursorMoved
22:23:04 INFO reader-None src/rpcclient.rs:169 <= None {"method": "languageClient/handleCursorMoved", "jsonrpc": "2.0", "params": {"bufnr": 1, "viewport": {"end": 39, "start": 0}, "languageId": "julia", "buftype": "", "position": {"character": 0, "line": 6}, "filename": "/home/sinai/Scripts/linker_and_loader/elf_julia/elfdump64.jl"}}
22:23:04 INFO unnamed src/language_server_protocol.rs:2217 Begin languageClient/handleCursorMoved
22:23:04 INFO reader-None src/rpcclient.rs:169 <= None {"method": "languageClient/handleCursorMoved", "jsonrpc": "2.0", "params": {"bufnr": 1, "viewport": {"end": 39, "start": 0}, "languageId": "julia", "buftype": "", "position": {"character": 0, "line": 7}, "filename": "/home/sinai/Scripts/linker_and_loader/elf_julia/elfdump64.jl"}}
22:23:04 INFO unnamed src/language_server_protocol.rs:2217 Begin languageClient/handleCursorMoved
22:23:04 INFO reader-None src/rpcclient.rs:169 <= None {"method": "languageClient/handleCursorMoved", "jsonrpc": "2.0", "params": {"bufnr": 1, "viewport": {"end": 39, "start": 0}, "languageId": "julia", "buftype": "", "position": {"character": 0, "line": 8}, "filename": "/home/sinai/Scripts/linker_and_loader/elf_julia/elfdump64.jl"}}
22:23:04 INFO unnamed src/language_server_protocol.rs:2217 Begin languageClient/handleCursorMoved
22:23:04 INFO reader-None src/rpcclient.rs:169 <= None {"method": "languageClient/handleCursorMoved", "jsonrpc": "2.0", "params": {"bufnr": 1, "viewport": {"end": 39, "start": 0}, "languageId": "julia", "buftype": "", "position": {"character": 0, "line": 9}, "filename": "/home/sinai/Scripts/linker_and_loader/elf_julia/elfdump64.jl"}}
22:23:04 INFO unnamed src/language_server_protocol.rs:2217 Begin languageClient/handleCursorMoved
22:23:04 INFO reader-None src/rpcclient.rs:169 <= None {"method": "languageClient/handleCursorMoved", "jsonrpc": "2.0", "params": {"bufnr": 1, "viewport": {"end": 39, "start": 0}, "languageId": "julia", "buftype": "", "position": {"character": 0, "line": 10}, "filename": "/home/sinai/Scripts/linker_and_loader/elf_julia/elfdump64.jl"}}
22:23:04 INFO unnamed src/language_server_protocol.rs:2217 Begin languageClient/handleCursorMoved
22:23:04 INFO reader-None src/rpcclient.rs:169 <= None {"method": "languageClient/handleCursorMoved", "jsonrpc": "2.0", "params": {"bufnr": 1, "viewport": {"end": 39, "start": 0}, "languageId": "julia", "buftype": "", "position": {"character": 0, "line": 11}, "filename": "/home/sinai/Scripts/linker_and_loader/elf_julia/elfdump64.jl"}}
22:23:04 INFO unnamed src/language_server_protocol.rs:2217 Begin languageClient/handleCursorMoved
22:23:04 INFO reader-None src/rpcclient.rs:169 <= None {"method": "languageClient/handleCursorMoved", "jsonrpc": "2.0", "params": {"bufnr": 1, "viewport": {"end": 39, "start": 0}, "languageId": "julia", "buftype": "", "position": {"character": 0, "line": 12}, "filename": "/home/sinai/Scripts/linker_and_loader/elf_julia/elfdump64.jl"}}
22:23:04 INFO unnamed src/language_server_protocol.rs:2217 Begin languageClient/handleCursorMoved
22:23:04 INFO reader-None src/rpcclient.rs:169 <= None {"method": "languageClient/handleCursorMoved", "jsonrpc": "2.0", "params": {"bufnr": 1, "viewport": {"end": 39, "start": 0}, "languageId": "julia", "buftype": "", "position": {"character": 0, "line": 13}, "filename": "/home/sinai/Scripts/linker_and_loader/elf_julia/elfdump64.jl"}}
22:23:04 INFO unnamed src/language_server_protocol.rs:2217 Begin languageClient/handleCursorMoved
22:23:04 INFO reader-None src/rpcclient.rs:169 <= None {"method": "languageClient/handleCursorMoved", "jsonrpc": "2.0", "params": {"bufnr": 1, "viewport": {"end": 39, "start": 0}, "languageId": "julia", "buftype": "", "position": {"character": 0, "line": 14}, "filename": "/home/sinai/Scripts/linker_and_loader/elf_julia/elfdump64.jl"}}
22:23:04 INFO unnamed src/language_server_protocol.rs:2217 Begin languageClient/handleCursorMoved
22:23:04 INFO reader-None src/rpcclient.rs:169 <= None {"method": "languageClient/handleCursorMoved", "jsonrpc": "2.0", "params": {"bufnr": 1, "viewport": {"end": 39, "start": 0}, "languageId": "julia", "buftype": "", "position": {"character": 0, "line": 15}, "filename": "/home/sinai/Scripts/linker_and_loader/elf_julia/elfdump64.jl"}}
22:23:04 INFO unnamed src/language_server_protocol.rs:2217 Begin languageClient/handleCursorMoved
22:23:04 INFO reader-None src/rpcclient.rs:169 <= None {"method": "languageClient/handleCursorMoved", "jsonrpc": "2.0", "params": {"bufnr": 1, "viewport": {"end": 39, "start": 0}, "languageId": "julia", "buftype": "", "position": {"character": 0, "line": 16}, "filename": "/home/sinai/Scripts/linker_and_loader/elf_julia/elfdump64.jl"}}
22:23:04 INFO unnamed src/language_server_protocol.rs:2217 Begin languageClient/handleCursorMoved
22:23:04 INFO reader-None src/rpcclient.rs:169 <= None {"method": "languageClient/handleCursorMoved", "jsonrpc": "2.0", "params": {"bufnr": 1, "viewport": {"end": 39, "start": 0}, "languageId": "julia", "buftype": "", "position": {"character": 0, "line": 17}, "filename": "/home/sinai/Scripts/linker_and_loader/elf_julia/elfdump64.jl"}}
22:23:04 INFO unnamed src/language_server_protocol.rs:2217 Begin languageClient/handleCursorMoved
22:23:04 INFO reader-None src/rpcclient.rs:169 <= None {"method": "languageClient/handleCursorMoved", "jsonrpc": "2.0", "params": {"bufnr": 1, "viewport": {"end": 39, "start": 0}, "languageId": "julia", "buftype": "", "position": {"character": 0, "line": 18}, "filename": "/home/sinai/Scripts/linker_and_loader/elf_julia/elfdump64.jl"}}
22:23:04 INFO unnamed src/language_server_protocol.rs:2217 Begin languageClient/handleCursorMoved
22:23:05 INFO reader-None src/rpcclient.rs:169 <= None {"method": "languageClient/handleCursorMoved", "jsonrpc": "2.0", "params": {"bufnr": 1, "viewport": {"end": 39, "start": 0}, "languageId": "julia", "buftype": "", "position": {"character": 0, "line": 19}, "filename": "/home/sinai/Scripts/linker_and_loader/elf_julia/elfdump64.jl"}}
22:23:05 INFO unnamed src/language_server_protocol.rs:2217 Begin languageClient/handleCursorMoved
22:23:05 INFO reader-None src/rpcclient.rs:169 <= None {"method": "languageClient/handleCursorMoved", "jsonrpc": "2.0", "params": {"bufnr": 1, "viewport": {"end": 39, "start": 0}, "languageId": "julia", "buftype": "", "position": {"character": 0, "line": 20}, "filename": "/home/sinai/Scripts/linker_and_loader/elf_julia/elfdump64.jl"}}
22:23:05 INFO unnamed src/language_server_protocol.rs:2217 Begin languageClient/handleCursorMoved
22:23:05 INFO reader-None src/rpcclient.rs:169 <= None {"method": "languageClient/handleCursorMoved", "jsonrpc": "2.0", "params": {"bufnr": 1, "viewport": {"end": 39, "start": 0}, "languageId": "julia", "buftype": "", "position": {"character": 0, "line": 21}, "filename": "/home/sinai/Scripts/linker_and_loader/elf_julia/elfdump64.jl"}}
22:23:05 INFO unnamed src/language_server_protocol.rs:2217 Begin languageClient/handleCursorMoved
22:23:05 INFO reader-None src/rpcclient.rs:169 <= None {"method": "languageClient/handleCursorMoved", "jsonrpc": "2.0", "params": {"bufnr": 1, "viewport": {"end": 39, "start": 0}, "languageId": "julia", "buftype": "", "position": {"character": 0, "line": 22}, "filename": "/home/sinai/Scripts/linker_and_loader/elf_julia/elfdump64.jl"}}
22:23:05 INFO unnamed src/language_server_protocol.rs:2217 Begin languageClient/handleCursorMoved
22:23:05 INFO reader-None src/rpcclient.rs:169 <= None {"method": "languageClient/handleCursorMoved", "jsonrpc": "2.0", "params": {"bufnr": 1, "viewport": {"end": 39, "start": 0}, "languageId": "julia", "buftype": "", "position": {"character": 0, "line": 23}, "filename": "/home/sinai/Scripts/linker_and_loader/elf_julia/elfdump64.jl"}}
22:23:05 INFO unnamed src/language_server_protocol.rs:2217 Begin languageClient/handleCursorMoved
22:23:05 INFO reader-None src/rpcclient.rs:169 <= None {"method": "languageClient/handleCursorMoved", "jsonrpc": "2.0", "params": {"bufnr": 1, "viewport": {"end": 39, "start": 0}, "languageId": "julia", "buftype": "", "position": {"character": 0, "line": 24}, "filename": "/home/sinai/Scripts/linker_and_loader/elf_julia/elfdump64.jl"}}
22:23:05 INFO unnamed src/language_server_protocol.rs:2217 Begin languageClient/handleCursorMoved
22:23:05 INFO reader-None src/rpcclient.rs:169 <= None {"method": "languageClient/handleCursorMoved", "jsonrpc": "2.0", "params": {"bufnr": 1, "viewport": {"end": 39, "start": 0}, "languageId": "julia", "buftype": "", "position": {"character": 0, "line": 25}, "filename": "/home/sinai/Scripts/linker_and_loader/elf_julia/elfdump64.jl"}}
22:23:05 INFO unnamed src/language_server_protocol.rs:2217 Begin languageClient/handleCursorMoved
22:23:05 INFO reader-None src/rpcclient.rs:169 <= None {"method": "languageClient/handleCursorMoved", "jsonrpc": "2.0", "params": {"bufnr": 1, "viewport": {"end": 39, "start": 0}, "languageId": "julia", "buftype": "", "position": {"character": 0, "line": 26}, "filename": "/home/sinai/Scripts/linker_and_loader/elf_julia/elfdump64.jl"}}
22:23:05 INFO unnamed src/language_server_protocol.rs:2217 Begin languageClient/handleCursorMoved
22:23:05 INFO reader-None src/rpcclient.rs:169 <= None {"method": "languageClient/handleCursorMoved", "jsonrpc": "2.0", "params": {"bufnr": 1, "viewport": {"end": 39, "start": 0}, "languageId": "julia", "buftype": "", "position": {"character": 0, "line": 27}, "filename": "/home/sinai/Scripts/linker_and_loader/elf_julia/elfdump64.jl"}}
22:23:05 INFO unnamed src/language_server_protocol.rs:2217 Begin languageClient/handleCursorMoved
22:23:05 INFO reader-None src/rpcclient.rs:169 <= None {"method": "languageClient/handleCursorMoved", "jsonrpc": "2.0", "params": {"bufnr": 1, "viewport": {"end": 39, "start": 0}, "languageId": "julia", "buftype": "", "position": {"character": 0, "line": 28}, "filename": "/home/sinai/Scripts/linker_and_loader/elf_julia/elfdump64.jl"}}
22:23:05 INFO unnamed src/language_server_protocol.rs:2217 Begin languageClient/handleCursorMoved
22:23:05 INFO reader-None src/rpcclient.rs:169 <= None {"method": "languageClient/handleCursorMoved", "jsonrpc": "2.0", "params": {"bufnr": 1, "viewport": {"end": 39, "start": 0}, "languageId": "julia", "buftype": "", "position": {"character": 0, "line": 29}, "filename": "/home/sinai/Scripts/linker_and_loader/elf_julia/elfdump64.jl"}}
22:23:05 INFO unnamed src/language_server_protocol.rs:2217 Begin languageClient/handleCursorMoved
22:23:05 INFO reader-None src/rpcclient.rs:169 <= None {"method": "languageClient/handleCursorMoved", "jsonrpc": "2.0", "params": {"bufnr": 1, "viewport": {"end": 39, "start": 0}, "languageId": "julia", "buftype": "", "position": {"character": 0, "line": 30}, "filename": "/home/sinai/Scripts/linker_and_loader/elf_julia/elfdump64.jl"}}
22:23:05 INFO unnamed src/language_server_protocol.rs:2217 Begin languageClient/handleCursorMoved
22:23:05 INFO reader-None src/rpcclient.rs:169 <= None {"method": "languageClient/handleCursorMoved", "jsonrpc": "2.0", "params": {"bufnr": 1, "viewport": {"end": 39, "start": 0}, "languageId": "julia", "buftype": "", "position": {"character": 0, "line": 31}, "filename": "/home/sinai/Scripts/linker_and_loader/elf_julia/elfdump64.jl"}}
22:23:05 INFO unnamed src/language_server_protocol.rs:2217 Begin languageClient/handleCursorMoved
22:23:05 INFO reader-None src/rpcclient.rs:169 <= None {"method": "languageClient/handleCursorMoved", "jsonrpc": "2.0", "params": {"bufnr": 1, "viewport": {"end": 39, "start": 0}, "languageId": "julia", "buftype": "", "position": {"character": 0, "line": 32}, "filename": "/home/sinai/Scripts/linker_and_loader/elf_julia/elfdump64.jl"}}
22:23:05 INFO unnamed src/language_server_protocol.rs:2217 Begin languageClient/handleCursorMoved
22:23:05 INFO reader-None src/rpcclient.rs:169 <= None {"method": "languageClient/handleCursorMoved", "jsonrpc": "2.0", "params": {"bufnr": 1, "viewport": {"end": 39, "start": 0}, "languageId": "julia", "buftype": "", "position": {"character": 0, "line": 33}, "filename": "/home/sinai/Scripts/linker_and_loader/elf_julia/elfdump64.jl"}}
22:23:05 INFO unnamed src/language_server_protocol.rs:2217 Begin languageClient/handleCursorMoved
22:23:05 INFO reader-None src/rpcclient.rs:169 <= None {"method": "languageClient/handleCursorMoved", "jsonrpc": "2.0", "params": {"bufnr": 1, "viewport": {"end": 39, "start": 0}, "languageId": "julia", "buftype": "", "position": {"character": 0, "line": 34}, "filename": "/home/sinai/Scripts/linker_and_loader/elf_julia/elfdump64.jl"}}
22:23:05 INFO unnamed src/language_server_protocol.rs:2217 Begin languageClient/handleCursorMoved
22:23:05 INFO reader-None src/rpcclient.rs:169 <= None {"method": "languageClient/handleCursorMoved", "jsonrpc": "2.0", "params": {"bufnr": 1, "viewport": {"end": 39, "start": 0}, "languageId": "julia", "buftype": "", "position": {"character": 0, "line": 35}, "filename": "/home/sinai/Scripts/linker_and_loader/elf_julia/elfdump64.jl"}}
22:23:05 INFO unnamed src/language_server_protocol.rs:2217 Begin languageClient/handleCursorMoved
22:23:05 INFO reader-None src/rpcclient.rs:169 <= None {"method": "languageClient/handleCursorMoved", "jsonrpc": "2.0", "params": {"bufnr": 1, "viewport": {"end": 39, "start": 0}, "languageId": "julia", "buftype": "", "position": {"character": 0, "line": 36}, "filename": "/home/sinai/Scripts/linker_and_loader/elf_julia/elfdump64.jl"}}
22:23:05 INFO unnamed src/language_server_protocol.rs:2217 Begin languageClient/handleCursorMoved
22:23:05 INFO reader-None src/rpcclient.rs:169 <= None {"method": "languageClient/handleCursorMoved", "jsonrpc": "2.0", "params": {"bufnr": 1, "viewport": {"end": 39, "start": 0}, "languageId": "julia", "buftype": "", "position": {"character": 0, "line": 37}, "filename": "/home/sinai/Scripts/linker_and_loader/elf_julia/elfdump64.jl"}}
22:23:05 INFO unnamed src/language_server_protocol.rs:2217 Begin languageClient/handleCursorMoved
22:23:05 INFO reader-None src/rpcclient.rs:169 <= None {"method": "languageClient/handleCursorMoved", "jsonrpc": "2.0", "params": {"bufnr": 1, "viewport": {"end": 39, "start": 0}, "languageId": "julia", "buftype": "", "position": {"character": 0, "line": 38}, "filename": "/home/sinai/Scripts/linker_and_loader/elf_julia/elfdump64.jl"}}
22:23:05 INFO unnamed src/language_server_protocol.rs:2217 Begin languageClient/handleCursorMoved
22:23:05 INFO reader-None src/rpcclient.rs:169 <= None {"method": "languageClient/handleCursorMoved", "jsonrpc": "2.0", "params": {"bufnr": 1, "viewport": {"end": 40, "start": 1}, "languageId": "julia", "buftype": "", "position": {"character": 0, "line": 39}, "filename": "/home/sinai/Scripts/linker_and_loader/elf_julia/elfdump64.jl"}}
22:23:05 INFO unnamed src/language_server_protocol.rs:2217 Begin languageClient/handleCursorMoved
22:23:05 INFO reader-None src/rpcclient.rs:169 <= None {"method": "languageClient/handleCursorMoved", "jsonrpc": "2.0", "params": {"bufnr": 1, "viewport": {"end": 41, "start": 2}, "languageId": "julia", "buftype": "", "position": {"character": 0, "line": 40}, "filename": "/home/sinai/Scripts/linker_and_loader/elf_julia/elfdump64.jl"}}
22:23:05 INFO unnamed src/language_server_protocol.rs:2217 Begin languageClient/handleCursorMoved
22:23:05 INFO reader-None src/rpcclient.rs:169 <= None {"method": "languageClient/handleCursorMoved", "jsonrpc": "2.0", "params": {"bufnr": 1, "viewport": {"end": 42, "start": 3}, "languageId": "julia", "buftype": "", "position": {"character": 0, "line": 41}, "filename": "/home/sinai/Scripts/linker_and_loader/elf_julia/elfdump64.jl"}}
22:23:05 INFO unnamed src/language_server_protocol.rs:2217 Begin languageClient/handleCursorMoved
22:23:05 INFO reader-None src/rpcclient.rs:169 <= None {"method": "languageClient/handleCursorMoved", "jsonrpc": "2.0", "params": {"bufnr": 1, "viewport": {"end": 43, "start": 4}, "languageId": "julia", "buftype": "", "position": {"character": 0, "line": 42}, "filename": "/home/sinai/Scripts/linker_and_loader/elf_julia/elfdump64.jl"}}
22:23:05 INFO unnamed src/language_server_protocol.rs:2217 Begin languageClient/handleCursorMoved
22:23:05 INFO reader-None src/rpcclient.rs:169 <= None {"method": "languageClient/handleCursorMoved", "jsonrpc": "2.0", "params": {"bufnr": 1, "viewport": {"end": 44, "start": 5}, "languageId": "julia", "buftype": "", "position": {"character": 0, "line": 43}, "filename": "/home/sinai/Scripts/linker_and_loader/elf_julia/elfdump64.jl"}}
22:23:05 INFO unnamed src/language_server_protocol.rs:2217 Begin languageClient/handleCursorMoved
22:23:06 INFO reader-None src/rpcclient.rs:169 <= None {"method": "languageClient/handleCursorMoved", "jsonrpc": "2.0", "params": {"bufnr": 1, "viewport": {"end": 45, "start": 6}, "languageId": "julia", "buftype": "", "position": {"character": 0, "line": 44}, "filename": "/home/sinai/Scripts/linker_and_loader/elf_julia/elfdump64.jl"}}
22:23:06 INFO unnamed src/language_server_protocol.rs:2217 Begin languageClient/handleCursorMoved
22:23:06 INFO reader-None src/rpcclient.rs:169 <= None {"method": "languageClient/handleCursorMoved", "jsonrpc": "2.0", "params": {"bufnr": 1, "viewport": {"end": 46, "start": 7}, "languageId": "julia", "buftype": "", "position": {"character": 0, "line": 45}, "filename": "/home/sinai/Scripts/linker_and_loader/elf_julia/elfdump64.jl"}}
22:23:06 INFO unnamed src/language_server_protocol.rs:2217 Begin languageClient/handleCursorMoved
22:23:06 INFO reader-None src/rpcclient.rs:169 <= None {"method": "languageClient/handleCursorMoved", "jsonrpc": "2.0", "params": {"bufnr": 1, "viewport": {"end": 47, "start": 8}, "languageId": "julia", "buftype": "", "position": {"character": 0, "line": 46}, "filename": "/home/sinai/Scripts/linker_and_loader/elf_julia/elfdump64.jl"}}
22:23:06 INFO unnamed src/language_server_protocol.rs:2217 Begin languageClient/handleCursorMoved
22:23:06 INFO reader-None src/rpcclient.rs:169 <= None {"method": "languageClient/handleCursorMoved", "jsonrpc": "2.0", "params": {"bufnr": 1, "viewport": {"end": 48, "start": 9}, "languageId": "julia", "buftype": "", "position": {"character": 0, "line": 47}, "filename": "/home/sinai/Scripts/linker_and_loader/elf_julia/elfdump64.jl"}}
22:23:06 INFO unnamed src/language_server_protocol.rs:2217 Begin languageClient/handleCursorMoved
22:23:06 INFO reader-None src/rpcclient.rs:169 <= None {"method": "languageClient/handleCursorMoved", "jsonrpc": "2.0", "params": {"bufnr": 1, "viewport": {"end": 49, "start": 10}, "languageId": "julia", "buftype": "", "position": {"character": 0, "line": 48}, "filename": "/home/sinai/Scripts/linker_and_loader/elf_julia/elfdump64.jl"}}
22:23:06 INFO unnamed src/language_server_protocol.rs:2217 Begin languageClient/handleCursorMoved
22:23:06 INFO reader-None src/rpcclient.rs:169 <= None {"method": "languageClient/handleCursorMoved", "jsonrpc": "2.0", "params": {"bufnr": 1, "viewport": {"end": 50, "start": 11}, "languageId": "julia", "buftype": "", "position": {"character": 0, "line": 49}, "filename": "/home/sinai/Scripts/linker_and_loader/elf_julia/elfdump64.jl"}}
22:23:06 INFO unnamed src/language_server_protocol.rs:2217 Begin languageClient/handleCursorMoved
22:23:06 INFO reader-None src/rpcclient.rs:169 <= None {"method": "languageClient/handleCursorMoved", "jsonrpc": "2.0", "params": {"bufnr": 1, "viewport": {"end": 51, "start": 12}, "languageId": "julia", "buftype": "", "position": {"character": 0, "line": 50}, "filename": "/home/sinai/Scripts/linker_and_loader/elf_julia/elfdump64.jl"}}
22:23:06 INFO unnamed src/language_server_protocol.rs:2217 Begin languageClient/handleCursorMoved
22:23:06 INFO reader-None src/rpcclient.rs:169 <= None {"method": "languageClient/handleCursorMoved", "jsonrpc": "2.0", "params": {"bufnr": 1, "viewport": {"end": 52, "start": 13}, "languageId": "julia", "buftype": "", "position": {"character": 0, "line": 51}, "filename": "/home/sinai/Scripts/linker_and_loader/elf_julia/elfdump64.jl"}}
22:23:06 INFO unnamed src/language_server_protocol.rs:2217 Begin languageClient/handleCursorMoved
22:23:06 INFO reader-None src/rpcclient.rs:169 <= None {"method": "languageClient/handleCursorMoved", "jsonrpc": "2.0", "params": {"bufnr": 1, "viewport": {"end": 53, "start": 14}, "languageId": "julia", "buftype": "", "position": {"character": 0, "line": 52}, "filename": "/home/sinai/Scripts/linker_and_loader/elf_julia/elfdump64.jl"}}
22:23:06 INFO unnamed src/language_server_protocol.rs:2217 Begin languageClient/handleCursorMoved
22:23:06 INFO reader-None src/rpcclient.rs:169 <= None {"method": "languageClient/handleCursorMoved", "jsonrpc": "2.0", "params": {"bufnr": 1, "viewport": {"end": 54, "start": 15}, "languageId": "julia", "buftype": "", "position": {"character": 0, "line": 53}, "filename": "/home/sinai/Scripts/linker_and_loader/elf_julia/elfdump64.jl"}}
22:23:06 INFO unnamed src/language_server_protocol.rs:2217 Begin languageClient/handleCursorMoved
22:23:06 INFO reader-None src/rpcclient.rs:169 <= None {"method": "languageClient/handleCursorMoved", "jsonrpc": "2.0", "params": {"bufnr": 1, "viewport": {"end": 55, "start": 16}, "languageId": "julia", "buftype": "", "position": {"character": 0, "line": 54}, "filename": "/home/sinai/Scripts/linker_and_loader/elf_julia/elfdump64.jl"}}
22:23:06 INFO unnamed src/language_server_protocol.rs:2217 Begin languageClient/handleCursorMoved
22:23:06 INFO reader-None src/rpcclient.rs:169 <= None {"method": "languageClient/handleCursorMoved", "jsonrpc": "2.0", "params": {"bufnr": 1, "viewport": {"end": 56, "start": 17}, "languageId": "julia", "buftype": "", "position": {"character": 0, "line": 55}, "filename": "/home/sinai/Scripts/linker_and_loader/elf_julia/elfdump64.jl"}}
22:23:06 INFO unnamed src/language_server_protocol.rs:2217 Begin languageClient/handleCursorMoved
22:23:06 INFO reader-None src/rpcclient.rs:169 <= None {"method": "languageClient/handleCursorMoved", "jsonrpc": "2.0", "params": {"bufnr": 1, "viewport": {"end": 57, "start": 18}, "languageId": "julia", "buftype": "", "position": {"character": 0, "line": 56}, "filename": "/home/sinai/Scripts/linker_and_loader/elf_julia/elfdump64.jl"}}
22:23:06 INFO unnamed src/language_server_protocol.rs:2217 Begin languageClient/handleCursorMoved
22:23:08 INFO reader-None src/rpcclient.rs:169 <= None {"method": "languageClient/handleBufWritePost", "jsonrpc": "2.0", "params": {"bufnr": 1, "languageId": "julia", "filename": "/home/sinai/Scripts/linker_and_loader/elf_julia/elfdump64.jl"}}
22:23:08 INFO unnamed src/language_server_protocol.rs:2190 Begin languageClient/handleBufWritePost
22:23:08 INFO unnamed src/language_server_protocol.rs:1746 Begin textDocument/didSave
22:23:08 INFO reader-None src/rpcclient.rs:169 <= None {"method": "exit", "jsonrpc": "2.0", "params": {"bufnr": 1, "languageId": "julia"}}
22:23:08 INFO unnamed src/language_server_protocol.rs:1762 End textDocument/didSave
22:23:08 INFO writer-Some("julia") src/rpcclient.rs:215 => Some("julia") {"jsonrpc":"2.0","method":"textDocument/didSave","params":{"textDocument":{"uri":"file:///home/sinai/Scripts/linker_and_loader/elf_julia/elfdump64.jl"}}}
22:23:08 INFO unnamed src/language_server_protocol.rs:2192 End languageClient/handleBufWritePost
22:23:08 INFO unnamed src/language_server_protocol.rs:1973 Begin exit
22:23:08 INFO writer-None src/rpcclient.rs:215 => None {"jsonrpc":"2.0","method":"eval","params":["LSP#filename()"],"id":45}
22:23:08 INFO reader-None src/rpcclient.rs:169 <= None {"id": 45, "jsonrpc": "2.0", "result": "/home/sinai/Scripts/linker_and_loader/elf_julia/elfdump64.jl"}
22:23:08 INFO unnamed src/language_server_protocol.rs:836 Begin cleanup
22:23:08 INFO reader-None src/rpcclient.rs:202 reader-None terminated
22:23:08 INFO writer-Some("julia") src/rpcclient.rs:215 => Some("julia") {"jsonrpc":"2.0","method":"exit","params":null}
